<?xml version="1.0" encoding="UTF-8"?>
<robot generator="Robot 5.0.1 (Python 3.11.1 on win32)" generated="20230323 11:00:04.345" rpa="true" schemaversion="3">
<suite id="s1" name="Tasks" source="C:\Users\pupea\Documents\Robots\khaosod-1\tasks.robot">
<test id="s1-t1" name="All" line="9">
<kw name="Open Available Browser" library="RPA.Browser.Selenium">
<arg>https://www.khaosod.co.th/home</arg>
<arg>maximized=${TRUE}</arg>
<doc>Attempts to open a browser on the user's device from a set of
supported browsers. Automatically downloads a corresponding webdriver
if none is already installed.</doc>
<msg timestamp="20230323 11:00:06.716" level="INFO">Creating an instance of the Chrome WebDriver.</msg>
<msg timestamp="20230323 11:00:06.802" level="INFO">====== WebDriver manager ======</msg>
<msg timestamp="20230323 11:00:11.883" level="INFO">Creating an instance of the Chrome WebDriver.</msg>
<msg timestamp="20230323 11:00:13.689" level="INFO">Created Chrome browser with arguments: --start-maximized --disable-dev-shm-usage --disable-web-security --allow-running-insecure-content --no-sandbox</msg>
<msg timestamp="20230323 11:00:13.689" level="INFO" html="true">&lt;p&gt;Attempted combinations:&lt;/p&gt;&lt;div class="doc"&gt;&lt;table&gt;&lt;tr&gt;&lt;th&gt;Browser&lt;/th&gt;&lt;th&gt;Download&lt;/th&gt;&lt;th&gt;Error&lt;/th&gt;&lt;/tr&gt;&lt;tr&gt;&lt;td&gt;Chrome&lt;/td&gt;&lt;td&gt;False&lt;/td&gt;&lt;td&gt;Message: 'chromedriver' executable needs to be in PATH. Please see https://chromedriver.chromium.org/home
&lt;/td&gt;&lt;/tr&gt;&lt;tr&gt;&lt;td&gt;Chrome&lt;/td&gt;&lt;td&gt;True&lt;/td&gt;&lt;td&gt;&lt;/td&gt;&lt;/tr&gt;&lt;/table&gt;&lt;/div&gt;</msg>
<msg timestamp="20230323 11:00:13.689" level="INFO">Opening url 'https://www.khaosod.co.th/home'</msg>
<status status="PASS" starttime="20230323 11:00:06.715" endtime="20230323 11:00:18.393"/>
</kw>
<kw name="Create List" library="BuiltIn">
<var>${KhaosodTitle}</var>
<doc>Returns a list containing given items.</doc>
<msg timestamp="20230323 11:00:18.398" level="INFO">${KhaosodTitle} = []</msg>
<status status="PASS" starttime="20230323 11:00:18.395" endtime="20230323 11:00:18.398"/>
</kw>
<kw name="Create List" library="BuiltIn">
<var>${KhaosodTopic}</var>
<doc>Returns a list containing given items.</doc>
<msg timestamp="20230323 11:00:18.400" level="INFO">${KhaosodTopic} = []</msg>
<status status="PASS" starttime="20230323 11:00:18.399" endtime="20230323 11:00:18.400"/>
</kw>
<kw name="Create List" library="BuiltIn">
<var>${KhaosodTime}</var>
<doc>Returns a list containing given items.</doc>
<msg timestamp="20230323 11:00:18.401" level="INFO">${KhaosodTime} = []</msg>
<status status="PASS" starttime="20230323 11:00:18.400" endtime="20230323 11:00:18.401"/>
</kw>
<kw name="Create List" library="BuiltIn">
<var>${KhaosodContent}</var>
<doc>Returns a list containing given items.</doc>
<msg timestamp="20230323 11:00:18.402" level="INFO">${KhaosodContent} = []</msg>
<status status="PASS" starttime="20230323 11:00:18.401" endtime="20230323 11:00:18.402"/>
</kw>
<kw name="Create List" library="BuiltIn">
<var>${KhaosodAttribute}</var>
<doc>Returns a list containing given items.</doc>
<msg timestamp="20230323 11:00:18.403" level="INFO">${KhaosodAttribute} = []</msg>
<status status="PASS" starttime="20230323 11:00:18.402" endtime="20230323 11:00:18.403"/>
</kw>
<kw name="Create List" library="BuiltIn">
<var>${KhaosodImage}</var>
<doc>Returns a list containing given items.</doc>
<msg timestamp="20230323 11:00:18.404" level="INFO">${KhaosodImage} = []</msg>
<status status="PASS" starttime="20230323 11:00:18.404" endtime="20230323 11:00:18.404"/>
</kw>
<kw name="Create List" library="BuiltIn">
<var>${KhaosodTag}</var>
<doc>Returns a list containing given items.</doc>
<msg timestamp="20230323 11:00:18.405" level="INFO">${KhaosodTag} = []</msg>
<status status="PASS" starttime="20230323 11:00:18.404" endtime="20230323 11:00:18.405"/>
</kw>
<kw name="Go To" library="RPA.Browser.Selenium">
<arg>https://www.khaosod.co.th/crime</arg>
<doc>Navigates the current browser window to the provided ``url``.</doc>
<msg timestamp="20230323 11:00:18.406" level="INFO">Opening url 'https://www.khaosod.co.th/crime'</msg>
<status status="PASS" starttime="20230323 11:00:18.405" endtime="20230323 11:00:18.884"/>
</kw>
<for flavor="IN RANGE">
<var>${count}</var>
<value>1</value>
<value>11</value>
<iter>
<var name="${count}">1</var>
<kw name="Get Element Attribute" library="RPA.Browser.Selenium">
<var>${attribute}</var>
<arg>xpath:./html/body/main/div[3]/div[1]/div[1]/div[2]/div/div[${count}]/div/div[1]/div/a</arg>
<arg>href</arg>
<doc>Returns the value of ``attribute`` from the element ``locator``.</doc>
<msg timestamp="20230323 11:00:18.903" level="WARN">Keyword 'Capture Page Screenshot' could not be run on failure: Message: no such window: target window already closed
from unknown error: web view not found
  (Session info: chrome=111.0.5563.66)
Stacktrace:
Backtrace:
	(No symbol) [0x009DDCE3]
	(No symbol) [0x009739D1]
	(No symbol) [0x00884DA8]
	(No symbol) [0x0086D0D3]
	(No symbol) [0x008CEA8B]
	(No symbol) [0x008DD093]
	(No symbol) [0x008CACC6]
	(No symbol) [0x008A6F68]
	(No symbol) [0x008A80CD]
	GetHandleVerifier [0x00C53832+2506274]
	GetHandleVerifier [0x00C89794+2727300]
	GetHandleVerifier [0x00C8E36C+2746716]
	GetHandleVerifier [0x00A86690+617600]
	(No symbol) [0x0097C712]
	(No symbol) [0x00981FF8]
	(No symbol) [0x009820DB]
	(No symbol) [0x0098C63B]
	BaseThreadInitThunk [0x75A77D69+25]
	RtlInitializeExceptionChain [0x775AB74B+107]
	RtlClearBits [0x775AB6CF+191]
</msg>
<msg timestamp="20230323 11:00:18.909" level="FAIL">NoSuchWindowException: Message: no such window: target window already closed
from unknown error: web view not found
  (Session info: chrome=111.0.5563.66)
Stacktrace:
Backtrace:
	(No symbol) [0x009DDCE3]
	(No symbol) [0x009739D1]
	(No symbol) [0x00884DA8]
	(No symbol) [0x0086D0D3]
	(No symbol) [0x008CEA8B]
	(No symbol) [0x008DD093]
	(No symbol) [0x008CACC6]
	(No symbol) [0x008A6F68]
	(No symbol) [0x008A80CD]
	GetHandleVerifier [0x00C53832+2506274]
	GetHandleVerifier [0x00C89794+2727300]
	GetHandleVerifier [0x00C8E36C+2746716]
	GetHandleVerifier [0x00A86690+617600]
	(No symbol) [0x0097C712]
	(No symbol) [0x00981FF8]
	(No symbol) [0x009820DB]
	(No symbol) [0x0098C63B]
	BaseThreadInitThunk [0x75A77D69+25]
	RtlInitializeExceptionChain [0x775AB74B+107]
	RtlClearBits [0x775AB6CF+191]
</msg>
<status status="FAIL" starttime="20230323 11:00:18.887" endtime="20230323 11:00:19.099"/>
</kw>
<kw name="Append To List" library="Collections">
<arg>${KhaosodAttribute}</arg>
<arg>${attribute}</arg>
<doc>Adds ``values`` to the end of ``list``.</doc>
<status status="NOT RUN" starttime="20230323 11:00:19.099" endtime="20230323 11:00:19.099"/>
</kw>
<kw name="Get Element Attribute" library="RPA.Browser.Selenium">
<var>${image}</var>
<arg>xpath:./html/body/main/div[3]/div[1]/div[1]/div[2]/div/div[${count}]/div/div[1]/div/a/img</arg>
<arg>src</arg>
<doc>Returns the value of ``attribute`` from the element ``locator``.</doc>
<status status="NOT RUN" starttime="20230323 11:00:19.099" endtime="20230323 11:00:19.099"/>
</kw>
<kw name="Append To List" library="Collections">
<arg>${KhaosodImage}</arg>
<arg>${image}</arg>
<doc>Adds ``values`` to the end of ``list``.</doc>
<status status="NOT RUN" starttime="20230323 11:00:19.099" endtime="20230323 11:00:19.100"/>
</kw>
<kw name="Execute Javascript" library="RPA.Browser.Selenium">
<arg>window.scrollTo(0,document.body.scrollHeight)</arg>
<doc>Executes the given JavaScript code with possible arguments.</doc>
<status status="NOT RUN" starttime="20230323 11:00:19.100" endtime="20230323 11:00:19.100"/>
</kw>
<kw name="Click Element" library="RPA.Browser.Selenium">
<arg>xpath:./html/body/main/div[3]/div[1]/div[1]/div[2]/div/div[${count}]</arg>
<doc>Click the element identified by ``locator``.</doc>
<status status="NOT RUN" starttime="20230323 11:00:19.100" endtime="20230323 11:00:19.100"/>
</kw>
<kw name="Sleep" library="BuiltIn">
<arg>3s</arg>
<doc>Pauses the test executed for the given time.</doc>
<status status="NOT RUN" starttime="20230323 11:00:19.100" endtime="20230323 11:00:19.100"/>
</kw>
<kw name="Get Text" library="RPA.Browser.Selenium">
<var>${Title}</var>
<arg>xpath:/html/body/main/article/div[1]/div/div/h1</arg>
<doc>Returns the text value of the element identified by ``locator``.</doc>
<status status="NOT RUN" starttime="20230323 11:00:19.100" endtime="20230323 11:00:19.100"/>
</kw>
<kw name="Append To List" library="Collections">
<arg>${KhaosodTitle}</arg>
<arg>${Title}</arg>
<doc>Adds ``values`` to the end of ``list``.</doc>
<status status="NOT RUN" starttime="20230323 11:00:19.100" endtime="20230323 11:00:19.101"/>
</kw>
<kw name="Get Text" library="RPA.Browser.Selenium">
<var>${Topic}</var>
<arg>xpath:/html/body/main/article/div[1]/div/div/div[3]/div[1]/span</arg>
<doc>Returns the text value of the element identified by ``locator``.</doc>
<status status="NOT RUN" starttime="20230323 11:00:19.101" endtime="20230323 11:00:19.101"/>
</kw>
<kw name="Append To List" library="Collections">
<arg>${KhaosodTopic}</arg>
<arg>${Topic}</arg>
<doc>Adds ``values`` to the end of ``list``.</doc>
<status status="NOT RUN" starttime="20230323 11:00:19.101" endtime="20230323 11:00:19.101"/>
</kw>
<kw name="Get Text" library="RPA.Browser.Selenium">
<var>${Time}</var>
<arg>xpath:/html/body/main/article/div[1]/div/div/div[6]</arg>
<doc>Returns the text value of the element identified by ``locator``.</doc>
<status status="NOT RUN" starttime="20230323 11:00:19.101" endtime="20230323 11:00:19.101"/>
</kw>
<kw name="Append To List" library="Collections">
<arg>${KhaosodTime}</arg>
<arg>${Time}</arg>
<doc>Adds ``values`` to the end of ``list``.</doc>
<status status="NOT RUN" starttime="20230323 11:00:19.101" endtime="20230323 11:00:19.101"/>
</kw>
<kw name="Get Text" library="RPA.Browser.Selenium">
<var>${Content}</var>
<arg>xpath:/html/body/main/article/div[2]/div[3]/div/div[1]/div[2]</arg>
<doc>Returns the text value of the element identified by ``locator``.</doc>
<status status="NOT RUN" starttime="20230323 11:00:19.101" endtime="20230323 11:00:19.101"/>
</kw>
<kw name="Append To List" library="Collections">
<arg>${KhaosodContent}</arg>
<arg>${Content}</arg>
<doc>Adds ``values`` to the end of ``list``.</doc>
<status status="NOT RUN" starttime="20230323 11:00:19.101" endtime="20230323 11:00:19.102"/>
</kw>
<kw name="Sleep" library="BuiltIn">
<arg>3s</arg>
<doc>Pauses the test executed for the given time.</doc>
<status status="NOT RUN" starttime="20230323 11:00:19.102" endtime="20230323 11:00:19.102"/>
</kw>
<kw name="Execute Javascript" library="RPA.Browser.Selenium">
<arg>window.scrollTo(0,document.body.scrollHeight)</arg>
<doc>Executes the given JavaScript code with possible arguments.</doc>
<status status="NOT RUN" starttime="20230323 11:00:19.102" endtime="20230323 11:00:19.102"/>
</kw>
<kw name="Does Page Contain Element" library="RPA.Browser.Selenium">
<var>${contains}</var>
<arg>xpath:/html/body/main/article/div[2]/div[3]/div/div[1]/footer/div/ul</arg>
<doc>Does page contain expected element</doc>
<status status="NOT RUN" starttime="20230323 11:00:19.102" endtime="20230323 11:00:19.102"/>
</kw>
<if>
<branch type="IF" condition="${contains}">
<kw name="Get Element Count" library="RPA.Browser.Selenium">
<var>${getcount}</var>
<arg>xpath:/html/body/main/article/div[2]/div[3]/div/div[1]/footer/div/ul/li</arg>
<doc>Returns the number of elements matching ``locator``.</doc>
<status status="NOT RUN" starttime="20230323 11:00:19.102" endtime="20230323 11:00:19.102"/>
</kw>
<kw name="Log" library="BuiltIn">
<arg>${getcount}</arg>
<doc>Logs the given message with the given level.</doc>
<status status="NOT RUN" starttime="20230323 11:00:19.102" endtime="20230323 11:00:19.102"/>
</kw>
<kw name="Set Variable" library="BuiltIn">
<var>${value}</var>
<doc>Returns the given values which can then be assigned to a variables.</doc>
<status status="NOT RUN" starttime="20230323 11:00:19.103" endtime="20230323 11:00:19.103"/>
</kw>
<for flavor="IN RANGE">
<var>${countTag}</var>
<value>1</value>
<value>${getcount}+1</value>
<iter>
<var name="${countTag}"/>
<kw name="Get Text" library="RPA.Browser.Selenium">
<var>${Tag}</var>
<arg>xpath:/html/body/main/article/div[2]/div[3]/div/div[1]/footer/div/ul/li[${countTag}]</arg>
<doc>Returns the text value of the element identified by ``locator``.</doc>
<status status="NOT RUN" starttime="20230323 11:00:19.103" endtime="20230323 11:00:19.103"/>
</kw>
<kw name="Set Variable" library="BuiltIn">
<var>${valueTag}</var>
<arg>${Tag}</arg>
<doc>Returns the given values which can then be assigned to a variables.</doc>
<status status="NOT RUN" starttime="20230323 11:00:19.103" endtime="20230323 11:00:19.103"/>
</kw>
<kw name="Catenate" library="BuiltIn">
<var>${value}</var>
<arg>${valueTag}</arg>
<arg>,</arg>
<arg>${value}</arg>
<doc>Catenates the given items together and returns the resulted string.</doc>
<status status="NOT RUN" starttime="20230323 11:00:19.103" endtime="20230323 11:00:19.103"/>
</kw>
<status status="NOT RUN" starttime="20230323 11:00:19.103" endtime="20230323 11:00:19.103"/>
</iter>
<status status="NOT RUN" starttime="20230323 11:00:19.103" endtime="20230323 11:00:19.103"/>
</for>
<status status="NOT RUN" starttime="20230323 11:00:19.102" endtime="20230323 11:00:19.103"/>
</branch>
<branch type="ELSE">
<kw name="Run Keyword And Ignore Error" library="BuiltIn">
<arg>Wait Until Element Is Visible</arg>
<arg>error</arg>
<doc>Runs the given keyword with the given arguments and ignores possible error.</doc>
<status status="NOT RUN" starttime="20230323 11:00:19.103" endtime="20230323 11:00:19.103"/>
</kw>
<kw name="Run Keyword And Ignore Error" library="BuiltIn">
<arg>RPA.Browser.Selenium.Get Text</arg>
<arg>error</arg>
<doc>Runs the given keyword with the given arguments and ignores possible error.</doc>
<status status="NOT RUN" starttime="20230323 11:00:19.104" endtime="20230323 11:00:19.104"/>
</kw>
<kw name="Set Variable" library="BuiltIn">
<var>${value}</var>
<arg>-</arg>
<doc>Returns the given values which can then be assigned to a variables.</doc>
<status status="NOT RUN" starttime="20230323 11:00:19.104" endtime="20230323 11:00:19.104"/>
</kw>
<status status="NOT RUN" starttime="20230323 11:00:19.103" endtime="20230323 11:00:19.104"/>
</branch>
<status status="NOT RUN" starttime="20230323 11:00:19.102" endtime="20230323 11:00:19.104"/>
</if>
<kw name="Append To List" library="Collections">
<arg>${KhaosodTag}</arg>
<arg>${value}</arg>
<doc>Adds ``values`` to the end of ``list``.</doc>
<status status="NOT RUN" starttime="20230323 11:00:19.104" endtime="20230323 11:00:19.104"/>
</kw>
<kw name="Go Back" library="RPA.Browser.Selenium">
<doc>Simulates the user clicking the back button on their browser.</doc>
<status status="NOT RUN" starttime="20230323 11:00:19.104" endtime="20230323 11:00:19.104"/>
</kw>
<kw name="Sleep" library="BuiltIn">
<arg>3s</arg>
<doc>Pauses the test executed for the given time.</doc>
<status status="NOT RUN" starttime="20230323 11:00:19.104" endtime="20230323 11:00:19.104"/>
</kw>
<status status="FAIL" starttime="20230323 11:00:18.886" endtime="20230323 11:00:19.104"/>
</iter>
<status status="FAIL" starttime="20230323 11:00:18.886" endtime="20230323 11:00:19.104"/>
</for>
<kw name="Go To" library="RPA.Browser.Selenium">
<arg>https://www.khaosod.co.th/around-thailand</arg>
<doc>Navigates the current browser window to the provided ``url``.</doc>
<status status="NOT RUN" starttime="20230323 11:00:19.104" endtime="20230323 11:00:19.104"/>
</kw>
<for flavor="IN RANGE">
<var>${count}</var>
<value>1</value>
<value>11</value>
<iter>
<var name="${count}"/>
<kw name="Get Element Attribute" library="RPA.Browser.Selenium">
<var>${attribute}</var>
<arg>xpath:./html/body/main/div[3]/div[1]/div[1]/div[2]/div/div[${count}]/div/div[1]/div/a</arg>
<arg>href</arg>
<doc>Returns the value of ``attribute`` from the element ``locator``.</doc>
<status status="NOT RUN" starttime="20230323 11:00:19.105" endtime="20230323 11:00:19.105"/>
</kw>
<kw name="Append To List" library="Collections">
<arg>${KhaosodAttribute}</arg>
<arg>${attribute}</arg>
<doc>Adds ``values`` to the end of ``list``.</doc>
<status status="NOT RUN" starttime="20230323 11:00:19.105" endtime="20230323 11:00:19.105"/>
</kw>
<kw name="Get Element Attribute" library="RPA.Browser.Selenium">
<var>${image}</var>
<arg>xpath:./html/body/main/div[3]/div[1]/div[1]/div[2]/div/div[${count}]/div/div[1]/div/a/img</arg>
<arg>src</arg>
<doc>Returns the value of ``attribute`` from the element ``locator``.</doc>
<status status="NOT RUN" starttime="20230323 11:00:19.105" endtime="20230323 11:00:19.105"/>
</kw>
<kw name="Append To List" library="Collections">
<arg>${KhaosodImage}</arg>
<arg>${image}</arg>
<doc>Adds ``values`` to the end of ``list``.</doc>
<status status="NOT RUN" starttime="20230323 11:00:19.105" endtime="20230323 11:00:19.107"/>
</kw>
<kw name="Execute Javascript" library="RPA.Browser.Selenium">
<arg>window.scrollTo(0,document.body.scrollHeight)</arg>
<doc>Executes the given JavaScript code with possible arguments.</doc>
<status status="NOT RUN" starttime="20230323 11:00:19.107" endtime="20230323 11:00:19.107"/>
</kw>
<kw name="Click Element" library="RPA.Browser.Selenium">
<arg>xpath:./html/body/main/div[3]/div[1]/div[1]/div[2]/div/div[${count}]</arg>
<doc>Click the element identified by ``locator``.</doc>
<status status="NOT RUN" starttime="20230323 11:00:19.107" endtime="20230323 11:00:19.107"/>
</kw>
<kw name="Sleep" library="BuiltIn">
<arg>3s</arg>
<doc>Pauses the test executed for the given time.</doc>
<status status="NOT RUN" starttime="20230323 11:00:19.107" endtime="20230323 11:00:19.107"/>
</kw>
<kw name="Get Text" library="RPA.Browser.Selenium">
<var>${Title}</var>
<arg>xpath:/html/body/main/article/div[1]/div/div/h1</arg>
<doc>Returns the text value of the element identified by ``locator``.</doc>
<status status="NOT RUN" starttime="20230323 11:00:19.107" endtime="20230323 11:00:19.107"/>
</kw>
<kw name="Append To List" library="Collections">
<arg>${KhaosodTitle}</arg>
<arg>${Title}</arg>
<doc>Adds ``values`` to the end of ``list``.</doc>
<status status="NOT RUN" starttime="20230323 11:00:19.107" endtime="20230323 11:00:19.108"/>
</kw>
<kw name="Get Text" library="RPA.Browser.Selenium">
<var>${Topic}</var>
<arg>xpath:/html/body/main/article/div[1]/div/div/div[3]/div[1]/span</arg>
<doc>Returns the text value of the element identified by ``locator``.</doc>
<status status="NOT RUN" starttime="20230323 11:00:19.108" endtime="20230323 11:00:19.108"/>
</kw>
<kw name="Append To List" library="Collections">
<arg>${KhaosodTopic}</arg>
<arg>${Topic}</arg>
<doc>Adds ``values`` to the end of ``list``.</doc>
<status status="NOT RUN" starttime="20230323 11:00:19.108" endtime="20230323 11:00:19.108"/>
</kw>
<kw name="Get Text" library="RPA.Browser.Selenium">
<var>${Time}</var>
<arg>xpath:/html/body/main/article/div[1]/div/div/div[6]</arg>
<doc>Returns the text value of the element identified by ``locator``.</doc>
<status status="NOT RUN" starttime="20230323 11:00:19.108" endtime="20230323 11:00:19.108"/>
</kw>
<kw name="Append To List" library="Collections">
<arg>${KhaosodTime}</arg>
<arg>${Time}</arg>
<doc>Adds ``values`` to the end of ``list``.</doc>
<status status="NOT RUN" starttime="20230323 11:00:19.108" endtime="20230323 11:00:19.108"/>
</kw>
<kw name="Get Text" library="RPA.Browser.Selenium">
<var>${Content}</var>
<arg>xpath:/html/body/main/article/div[2]/div[3]/div/div[1]/div[2]</arg>
<doc>Returns the text value of the element identified by ``locator``.</doc>
<status status="NOT RUN" starttime="20230323 11:00:19.109" endtime="20230323 11:00:19.109"/>
</kw>
<kw name="Append To List" library="Collections">
<arg>${KhaosodContent}</arg>
<arg>${Content}</arg>
<doc>Adds ``values`` to the end of ``list``.</doc>
<status status="NOT RUN" starttime="20230323 11:00:19.109" endtime="20230323 11:00:19.109"/>
</kw>
<kw name="Sleep" library="BuiltIn">
<arg>3s</arg>
<doc>Pauses the test executed for the given time.</doc>
<status status="NOT RUN" starttime="20230323 11:00:19.109" endtime="20230323 11:00:19.109"/>
</kw>
<kw name="Execute Javascript" library="RPA.Browser.Selenium">
<arg>window.scrollTo(0,document.body.scrollHeight)</arg>
<doc>Executes the given JavaScript code with possible arguments.</doc>
<status status="NOT RUN" starttime="20230323 11:00:19.109" endtime="20230323 11:00:19.109"/>
</kw>
<kw name="Does Page Contain Element" library="RPA.Browser.Selenium">
<var>${contains}</var>
<arg>xpath:/html/body/main/article/div[2]/div[3]/div/div[1]/footer/div/ul/li[${count}]</arg>
<doc>Does page contain expected element</doc>
<status status="NOT RUN" starttime="20230323 11:00:19.109" endtime="20230323 11:00:19.109"/>
</kw>
<if>
<branch type="IF" condition="${contains}">
<kw name="Get Element Count" library="RPA.Browser.Selenium">
<var>${getcount}</var>
<arg>xpath:/html/body/main/article/div[2]/div[3]/div/div[1]/footer/div/ul/li</arg>
<doc>Returns the number of elements matching ``locator``.</doc>
<status status="NOT RUN" starttime="20230323 11:00:19.109" endtime="20230323 11:00:19.109"/>
</kw>
<kw name="Log" library="BuiltIn">
<arg>${getcount}</arg>
<doc>Logs the given message with the given level.</doc>
<status status="NOT RUN" starttime="20230323 11:00:19.109" endtime="20230323 11:00:19.109"/>
</kw>
<kw name="Set Variable" library="BuiltIn">
<var>${value}</var>
<doc>Returns the given values which can then be assigned to a variables.</doc>
<status status="NOT RUN" starttime="20230323 11:00:19.109" endtime="20230323 11:00:19.109"/>
</kw>
<for flavor="IN RANGE">
<var>${countTag}</var>
<value>1</value>
<value>${getcount}+1</value>
<iter>
<var name="${countTag}"/>
<kw name="Get Text" library="RPA.Browser.Selenium">
<var>${Tag}</var>
<arg>xpath:/html/body/main/article/div[2]/div[3]/div/div[1]/footer/div/ul/li[${countTag}]</arg>
<doc>Returns the text value of the element identified by ``locator``.</doc>
<status status="NOT RUN" starttime="20230323 11:00:19.109" endtime="20230323 11:00:19.109"/>
</kw>
<kw name="Set Variable" library="BuiltIn">
<var>${valueTag}</var>
<arg>${Tag}</arg>
<doc>Returns the given values which can then be assigned to a variables.</doc>
<status status="NOT RUN" starttime="20230323 11:00:19.109" endtime="20230323 11:00:19.109"/>
</kw>
<kw name="Catenate" library="BuiltIn">
<var>${value}</var>
<arg>${valueTag}</arg>
<arg>,</arg>
<arg>${value}</arg>
<doc>Catenates the given items together and returns the resulted string.</doc>
<status status="NOT RUN" starttime="20230323 11:00:19.109" endtime="20230323 11:00:19.109"/>
</kw>
<status status="NOT RUN" starttime="20230323 11:00:19.109" endtime="20230323 11:00:19.109"/>
</iter>
<status status="NOT RUN" starttime="20230323 11:00:19.109" endtime="20230323 11:00:19.109"/>
</for>
<status status="NOT RUN" starttime="20230323 11:00:19.109" endtime="20230323 11:00:19.109"/>
</branch>
<branch type="ELSE">
<kw name="Run Keyword And Ignore Error" library="BuiltIn">
<arg>Wait Until Element Is Visible</arg>
<arg>error</arg>
<doc>Runs the given keyword with the given arguments and ignores possible error.</doc>
<status status="NOT RUN" starttime="20230323 11:00:19.109" endtime="20230323 11:00:19.109"/>
</kw>
<kw name="Run Keyword And Ignore Error" library="BuiltIn">
<arg>RPA.Browser.Selenium.Get Text</arg>
<arg>error</arg>
<doc>Runs the given keyword with the given arguments and ignores possible error.</doc>
<status status="NOT RUN" starttime="20230323 11:00:19.109" endtime="20230323 11:00:19.109"/>
</kw>
<kw name="Set Variable" library="BuiltIn">
<var>${value}</var>
<arg>-</arg>
<doc>Returns the given values which can then be assigned to a variables.</doc>
<status status="NOT RUN" starttime="20230323 11:00:19.109" endtime="20230323 11:00:19.109"/>
</kw>
<status status="NOT RUN" starttime="20230323 11:00:19.109" endtime="20230323 11:00:19.109"/>
</branch>
<status status="NOT RUN" starttime="20230323 11:00:19.109" endtime="20230323 11:00:19.111"/>
</if>
<kw name="Append To List" library="Collections">
<arg>${KhaosodTag}</arg>
<arg>${value}</arg>
<doc>Adds ``values`` to the end of ``list``.</doc>
<status status="NOT RUN" starttime="20230323 11:00:19.111" endtime="20230323 11:00:19.111"/>
</kw>
<kw name="Go Back" library="RPA.Browser.Selenium">
<doc>Simulates the user clicking the back button on their browser.</doc>
<status status="NOT RUN" starttime="20230323 11:00:19.112" endtime="20230323 11:00:19.112"/>
</kw>
<kw name="Sleep" library="BuiltIn">
<arg>3s</arg>
<doc>Pauses the test executed for the given time.</doc>
<status status="NOT RUN" starttime="20230323 11:00:19.112" endtime="20230323 11:00:19.112"/>
</kw>
<status status="NOT RUN" starttime="20230323 11:00:19.105" endtime="20230323 11:00:19.112"/>
</iter>
<status status="NOT RUN" starttime="20230323 11:00:19.104" endtime="20230323 11:00:19.112"/>
</for>
<kw name="Go To" library="RPA.Browser.Selenium">
<arg>https://www.khaosod.co.th/politics</arg>
<doc>Navigates the current browser window to the provided ``url``.</doc>
<status status="NOT RUN" starttime="20230323 11:00:19.112" endtime="20230323 11:00:19.112"/>
</kw>
<for flavor="IN RANGE">
<var>${count}</var>
<value>1</value>
<value>11</value>
<iter>
<var name="${count}"/>
<kw name="Get Element Attribute" library="RPA.Browser.Selenium">
<var>${attribute}</var>
<arg>xpath:./html/body/main/div[4]/div[1]/div[1]/div[2]/div/div[${count}]/div/div[1]/div/a</arg>
<arg>href</arg>
<doc>Returns the value of ``attribute`` from the element ``locator``.</doc>
<status status="NOT RUN" starttime="20230323 11:00:19.113" endtime="20230323 11:00:19.113"/>
</kw>
<kw name="Append To List" library="Collections">
<arg>${KhaosodAttribute}</arg>
<arg>${attribute}</arg>
<doc>Adds ``values`` to the end of ``list``.</doc>
<status status="NOT RUN" starttime="20230323 11:00:19.113" endtime="20230323 11:00:19.113"/>
</kw>
<kw name="Get Element Attribute" library="RPA.Browser.Selenium">
<var>${image}</var>
<arg>xpath:./html/body/main/div[4]/div[1]/div[1]/div[2]/div/div[${count}]/div/div[1]/div/a/img</arg>
<arg>src</arg>
<doc>Returns the value of ``attribute`` from the element ``locator``.</doc>
<status status="NOT RUN" starttime="20230323 11:00:19.113" endtime="20230323 11:00:19.113"/>
</kw>
<kw name="Append To List" library="Collections">
<arg>${KhaosodImage}</arg>
<arg>${image}</arg>
<doc>Adds ``values`` to the end of ``list``.</doc>
<status status="NOT RUN" starttime="20230323 11:00:19.114" endtime="20230323 11:00:19.114"/>
</kw>
<kw name="Execute Javascript" library="RPA.Browser.Selenium">
<arg>window.scrollTo(0,document.body.scrollHeight)</arg>
<doc>Executes the given JavaScript code with possible arguments.</doc>
<status status="NOT RUN" starttime="20230323 11:00:19.114" endtime="20230323 11:00:19.114"/>
</kw>
<kw name="Click Element" library="RPA.Browser.Selenium">
<arg>xpath:./html/body/main/div[4]/div[1]/div[1]/div[2]/div/div[${count}]</arg>
<doc>Click the element identified by ``locator``.</doc>
<status status="NOT RUN" starttime="20230323 11:00:19.114" endtime="20230323 11:00:19.114"/>
</kw>
<kw name="Sleep" library="BuiltIn">
<arg>3s</arg>
<doc>Pauses the test executed for the given time.</doc>
<status status="NOT RUN" starttime="20230323 11:00:19.114" endtime="20230323 11:00:19.114"/>
</kw>
<kw name="Get Text" library="RPA.Browser.Selenium">
<var>${Title}</var>
<arg>xpath:/html/body/main/article/div[1]/div/div/h1</arg>
<doc>Returns the text value of the element identified by ``locator``.</doc>
<status status="NOT RUN" starttime="20230323 11:00:19.114" endtime="20230323 11:00:19.114"/>
</kw>
<kw name="Append To List" library="Collections">
<arg>${KhaosodTitle}</arg>
<arg>${Title}</arg>
<doc>Adds ``values`` to the end of ``list``.</doc>
<status status="NOT RUN" starttime="20230323 11:00:19.114" endtime="20230323 11:00:19.115"/>
</kw>
<kw name="Get Text" library="RPA.Browser.Selenium">
<var>${Topic}</var>
<arg>xpath:/html/body/main/article/div[1]/div/div/div[3]/div[1]/span</arg>
<doc>Returns the text value of the element identified by ``locator``.</doc>
<status status="NOT RUN" starttime="20230323 11:00:19.115" endtime="20230323 11:00:19.115"/>
</kw>
<kw name="Append To List" library="Collections">
<arg>${KhaosodTopic}</arg>
<arg>${Topic}</arg>
<doc>Adds ``values`` to the end of ``list``.</doc>
<status status="NOT RUN" starttime="20230323 11:00:19.115" endtime="20230323 11:00:19.115"/>
</kw>
<kw name="Get Text" library="RPA.Browser.Selenium">
<var>${Time}</var>
<arg>xpath:/html/body/main/article/div[1]/div/div/div[6]</arg>
<doc>Returns the text value of the element identified by ``locator``.</doc>
<status status="NOT RUN" starttime="20230323 11:00:19.115" endtime="20230323 11:00:19.115"/>
</kw>
<kw name="Append To List" library="Collections">
<arg>${KhaosodTime}</arg>
<arg>${Time}</arg>
<doc>Adds ``values`` to the end of ``list``.</doc>
<status status="NOT RUN" starttime="20230323 11:00:19.115" endtime="20230323 11:00:19.115"/>
</kw>
<kw name="Get Text" library="RPA.Browser.Selenium">
<var>${Content}</var>
<arg>xpath:/html/body/main/article/div[2]/div[3]/div/div[1]/div[2]</arg>
<doc>Returns the text value of the element identified by ``locator``.</doc>
<status status="NOT RUN" starttime="20230323 11:00:19.115" endtime="20230323 11:00:19.115"/>
</kw>
<kw name="Append To List" library="Collections">
<arg>${KhaosodContent}</arg>
<arg>${Content}</arg>
<doc>Adds ``values`` to the end of ``list``.</doc>
<status status="NOT RUN" starttime="20230323 11:00:19.116" endtime="20230323 11:00:19.116"/>
</kw>
<kw name="Sleep" library="BuiltIn">
<arg>3s</arg>
<doc>Pauses the test executed for the given time.</doc>
<status status="NOT RUN" starttime="20230323 11:00:19.116" endtime="20230323 11:00:19.116"/>
</kw>
<kw name="Execute Javascript" library="RPA.Browser.Selenium">
<arg>window.scrollTo(0,document.body.scrollHeight)</arg>
<doc>Executes the given JavaScript code with possible arguments.</doc>
<status status="NOT RUN" starttime="20230323 11:00:19.116" endtime="20230323 11:00:19.116"/>
</kw>
<kw name="Does Page Contain Element" library="RPA.Browser.Selenium">
<var>${contains}</var>
<arg>xpath:/html/body/main/article/div[2]/div[3]/div/div[1]/footer/div/ul/li[${count}]</arg>
<doc>Does page contain expected element</doc>
<status status="NOT RUN" starttime="20230323 11:00:19.116" endtime="20230323 11:00:19.116"/>
</kw>
<if>
<branch type="IF" condition="${contains}">
<kw name="Get Element Count" library="RPA.Browser.Selenium">
<var>${getcount}</var>
<arg>xpath:/html/body/main/article/div[2]/div[3]/div/div[1]/footer/div/ul/li</arg>
<doc>Returns the number of elements matching ``locator``.</doc>
<status status="NOT RUN" starttime="20230323 11:00:19.116" endtime="20230323 11:00:19.116"/>
</kw>
<kw name="Log" library="BuiltIn">
<arg>${getcount}</arg>
<doc>Logs the given message with the given level.</doc>
<status status="NOT RUN" starttime="20230323 11:00:19.117" endtime="20230323 11:00:19.117"/>
</kw>
<kw name="Set Variable" library="BuiltIn">
<var>${value}</var>
<doc>Returns the given values which can then be assigned to a variables.</doc>
<status status="NOT RUN" starttime="20230323 11:00:19.117" endtime="20230323 11:00:19.117"/>
</kw>
<for flavor="IN RANGE">
<var>${countTag}</var>
<value>1</value>
<value>${getcount}+1</value>
<iter>
<var name="${countTag}"/>
<kw name="Get Text" library="RPA.Browser.Selenium">
<var>${Tag}</var>
<arg>xpath:/html/body/main/article/div[2]/div[3]/div/div[1]/footer/div/ul/li[${countTag}]</arg>
<doc>Returns the text value of the element identified by ``locator``.</doc>
<status status="NOT RUN" starttime="20230323 11:00:19.118" endtime="20230323 11:00:19.118"/>
</kw>
<kw name="Set Variable" library="BuiltIn">
<var>${valueTag}</var>
<arg>${Tag}</arg>
<doc>Returns the given values which can then be assigned to a variables.</doc>
<status status="NOT RUN" starttime="20230323 11:00:19.118" endtime="20230323 11:00:19.118"/>
</kw>
<kw name="Catenate" library="BuiltIn">
<var>${value}</var>
<arg>${valueTag}</arg>
<arg>,</arg>
<arg>${value}</arg>
<doc>Catenates the given items together and returns the resulted string.</doc>
<status status="NOT RUN" starttime="20230323 11:00:19.118" endtime="20230323 11:00:19.118"/>
</kw>
<status status="NOT RUN" starttime="20230323 11:00:19.117" endtime="20230323 11:00:19.118"/>
</iter>
<status status="NOT RUN" starttime="20230323 11:00:19.117" endtime="20230323 11:00:19.118"/>
</for>
<status status="NOT RUN" starttime="20230323 11:00:19.116" endtime="20230323 11:00:19.118"/>
</branch>
<branch type="ELSE">
<kw name="Run Keyword And Ignore Error" library="BuiltIn">
<arg>Wait Until Element Is Visible</arg>
<arg>error</arg>
<doc>Runs the given keyword with the given arguments and ignores possible error.</doc>
<status status="NOT RUN" starttime="20230323 11:00:19.118" endtime="20230323 11:00:19.118"/>
</kw>
<kw name="Run Keyword And Ignore Error" library="BuiltIn">
<arg>RPA.Browser.Selenium.Get Text</arg>
<arg>error</arg>
<doc>Runs the given keyword with the given arguments and ignores possible error.</doc>
<status status="NOT RUN" starttime="20230323 11:00:19.118" endtime="20230323 11:00:19.118"/>
</kw>
<kw name="Set Variable" library="BuiltIn">
<var>${value}</var>
<arg>-</arg>
<doc>Returns the given values which can then be assigned to a variables.</doc>
<status status="NOT RUN" starttime="20230323 11:00:19.119" endtime="20230323 11:00:19.119"/>
</kw>
<status status="NOT RUN" starttime="20230323 11:00:19.118" endtime="20230323 11:00:19.119"/>
</branch>
<status status="NOT RUN" starttime="20230323 11:00:19.116" endtime="20230323 11:00:19.119"/>
</if>
<kw name="Append To List" library="Collections">
<arg>${KhaosodTag}</arg>
<arg>${value}</arg>
<doc>Adds ``values`` to the end of ``list``.</doc>
<status status="NOT RUN" starttime="20230323 11:00:19.119" endtime="20230323 11:00:19.119"/>
</kw>
<kw name="Go Back" library="RPA.Browser.Selenium">
<doc>Simulates the user clicking the back button on their browser.</doc>
<status status="NOT RUN" starttime="20230323 11:00:19.119" endtime="20230323 11:00:19.119"/>
</kw>
<kw name="Sleep" library="BuiltIn">
<arg>3s</arg>
<doc>Pauses the test executed for the given time.</doc>
<status status="NOT RUN" starttime="20230323 11:00:19.119" endtime="20230323 11:00:19.119"/>
</kw>
<status status="NOT RUN" starttime="20230323 11:00:19.113" endtime="20230323 11:00:19.119"/>
</iter>
<status status="NOT RUN" starttime="20230323 11:00:19.113" endtime="20230323 11:00:19.119"/>
</for>
<kw name="Go To" library="RPA.Browser.Selenium">
<arg>https://www.khaosod.co.th/economics</arg>
<doc>Navigates the current browser window to the provided ``url``.</doc>
<status status="NOT RUN" starttime="20230323 11:00:19.120" endtime="20230323 11:00:19.120"/>
</kw>
<for flavor="IN RANGE">
<var>${count}</var>
<value>1</value>
<value>11</value>
<iter>
<var name="${count}"/>
<kw name="Get Element Attribute" library="RPA.Browser.Selenium">
<var>${attribute}</var>
<arg>xpath:./html/body/main/div[4]/div[1]/div[1]/div[2]/div/div[${count}]/div/div[1]/div/a</arg>
<arg>href</arg>
<doc>Returns the value of ``attribute`` from the element ``locator``.</doc>
<status status="NOT RUN" starttime="20230323 11:00:19.120" endtime="20230323 11:00:19.120"/>
</kw>
<kw name="Append To List" library="Collections">
<arg>${KhaosodAttribute}</arg>
<arg>${attribute}</arg>
<doc>Adds ``values`` to the end of ``list``.</doc>
<status status="NOT RUN" starttime="20230323 11:00:19.120" endtime="20230323 11:00:19.120"/>
</kw>
<kw name="Get Element Attribute" library="RPA.Browser.Selenium">
<var>${image}</var>
<arg>xpath:./html/body/main/div[4]/div[1]/div[1]/div[2]/div/div[${count}]/div/div[1]/div/a/img</arg>
<arg>src</arg>
<doc>Returns the value of ``attribute`` from the element ``locator``.</doc>
<status status="NOT RUN" starttime="20230323 11:00:19.120" endtime="20230323 11:00:19.120"/>
</kw>
<kw name="Append To List" library="Collections">
<arg>${KhaosodImage}</arg>
<arg>${image}</arg>
<doc>Adds ``values`` to the end of ``list``.</doc>
<status status="NOT RUN" starttime="20230323 11:00:19.120" endtime="20230323 11:00:19.121"/>
</kw>
<kw name="Execute Javascript" library="RPA.Browser.Selenium">
<arg>window.scrollTo(0,document.body.scrollHeight)</arg>
<doc>Executes the given JavaScript code with possible arguments.</doc>
<status status="NOT RUN" starttime="20230323 11:00:19.121" endtime="20230323 11:00:19.121"/>
</kw>
<kw name="Click Element" library="RPA.Browser.Selenium">
<arg>xpath:./html/body/main/div[4]/div[1]/div[1]/div[2]/div/div[${count}]</arg>
<doc>Click the element identified by ``locator``.</doc>
<status status="NOT RUN" starttime="20230323 11:00:19.121" endtime="20230323 11:00:19.121"/>
</kw>
<kw name="Sleep" library="BuiltIn">
<arg>3s</arg>
<doc>Pauses the test executed for the given time.</doc>
<status status="NOT RUN" starttime="20230323 11:00:19.121" endtime="20230323 11:00:19.121"/>
</kw>
<kw name="Get Text" library="RPA.Browser.Selenium">
<var>${Title}</var>
<arg>xpath:/html/body/main/article/div[1]/div/div/h1</arg>
<doc>Returns the text value of the element identified by ``locator``.</doc>
<status status="NOT RUN" starttime="20230323 11:00:19.121" endtime="20230323 11:00:19.121"/>
</kw>
<kw name="Append To List" library="Collections">
<arg>${KhaosodTitle}</arg>
<arg>${Title}</arg>
<doc>Adds ``values`` to the end of ``list``.</doc>
<status status="NOT RUN" starttime="20230323 11:00:19.121" endtime="20230323 11:00:19.121"/>
</kw>
<kw name="Get Text" library="RPA.Browser.Selenium">
<var>${Topic}</var>
<arg>xpath:/html/body/main/article/div[1]/div/div/div[3]/div[1]/span</arg>
<doc>Returns the text value of the element identified by ``locator``.</doc>
<status status="NOT RUN" starttime="20230323 11:00:19.121" endtime="20230323 11:00:19.121"/>
</kw>
<kw name="Append To List" library="Collections">
<arg>${KhaosodTopic}</arg>
<arg>${Topic}</arg>
<doc>Adds ``values`` to the end of ``list``.</doc>
<status status="NOT RUN" starttime="20230323 11:00:19.122" endtime="20230323 11:00:19.122"/>
</kw>
<kw name="Get Text" library="RPA.Browser.Selenium">
<var>${Time}</var>
<arg>xpath:/html/body/main/article/div[1]/div/div/div[6]</arg>
<doc>Returns the text value of the element identified by ``locator``.</doc>
<status status="NOT RUN" starttime="20230323 11:00:19.122" endtime="20230323 11:00:19.122"/>
</kw>
<kw name="Append To List" library="Collections">
<arg>${KhaosodTime}</arg>
<arg>${Time}</arg>
<doc>Adds ``values`` to the end of ``list``.</doc>
<status status="NOT RUN" starttime="20230323 11:00:19.122" endtime="20230323 11:00:19.122"/>
</kw>
<kw name="Get Text" library="RPA.Browser.Selenium">
<var>${Content}</var>
<arg>xpath:/html/body/main/article/div[2]/div[3]/div/div[1]/div[2]</arg>
<doc>Returns the text value of the element identified by ``locator``.</doc>
<status status="NOT RUN" starttime="20230323 11:00:19.122" endtime="20230323 11:00:19.122"/>
</kw>
<kw name="Append To List" library="Collections">
<arg>${KhaosodContent}</arg>
<arg>${Content}</arg>
<doc>Adds ``values`` to the end of ``list``.</doc>
<status status="NOT RUN" starttime="20230323 11:00:19.122" endtime="20230323 11:00:19.122"/>
</kw>
<kw name="Sleep" library="BuiltIn">
<arg>3s</arg>
<doc>Pauses the test executed for the given time.</doc>
<status status="NOT RUN" starttime="20230323 11:00:19.122" endtime="20230323 11:00:19.122"/>
</kw>
<kw name="Execute Javascript" library="RPA.Browser.Selenium">
<arg>window.scrollTo(0,document.body.scrollHeight)</arg>
<doc>Executes the given JavaScript code with possible arguments.</doc>
<status status="NOT RUN" starttime="20230323 11:00:19.122" endtime="20230323 11:00:19.122"/>
</kw>
<kw name="Does Page Contain Element" library="RPA.Browser.Selenium">
<var>${contains}</var>
<arg>xpath:/html/body/main/article/div[2]/div[3]/div/div[1]/footer/div/ul/li[${count}]</arg>
<doc>Does page contain expected element</doc>
<status status="NOT RUN" starttime="20230323 11:00:19.123" endtime="20230323 11:00:19.123"/>
</kw>
<if>
<branch type="IF" condition="${contains}">
<kw name="Get Element Count" library="RPA.Browser.Selenium">
<var>${getcount}</var>
<arg>xpath:/html/body/main/article/div[2]/div[3]/div/div[1]/footer/div/ul/li</arg>
<doc>Returns the number of elements matching ``locator``.</doc>
<status status="NOT RUN" starttime="20230323 11:00:19.123" endtime="20230323 11:00:19.123"/>
</kw>
<kw name="Log" library="BuiltIn">
<arg>${getcount}</arg>
<doc>Logs the given message with the given level.</doc>
<status status="NOT RUN" starttime="20230323 11:00:19.123" endtime="20230323 11:00:19.124"/>
</kw>
<kw name="Set Variable" library="BuiltIn">
<var>${value}</var>
<doc>Returns the given values which can then be assigned to a variables.</doc>
<status status="NOT RUN" starttime="20230323 11:00:19.124" endtime="20230323 11:00:19.124"/>
</kw>
<for flavor="IN RANGE">
<var>${countTag}</var>
<value>1</value>
<value>${getcount}+1</value>
<iter>
<var name="${countTag}"/>
<kw name="Get Text" library="RPA.Browser.Selenium">
<var>${Tag}</var>
<arg>xpath:/html/body/main/article/div[2]/div[3]/div/div[1]/footer/div/ul/li[${countTag}]</arg>
<doc>Returns the text value of the element identified by ``locator``.</doc>
<status status="NOT RUN" starttime="20230323 11:00:19.124" endtime="20230323 11:00:19.124"/>
</kw>
<kw name="Set Variable" library="BuiltIn">
<var>${valueTag}</var>
<arg>${Tag}</arg>
<doc>Returns the given values which can then be assigned to a variables.</doc>
<status status="NOT RUN" starttime="20230323 11:00:19.124" endtime="20230323 11:00:19.124"/>
</kw>
<kw name="Catenate" library="BuiltIn">
<var>${value}</var>
<arg>${valueTag}</arg>
<arg>,</arg>
<arg>${value}</arg>
<doc>Catenates the given items together and returns the resulted string.</doc>
<status status="NOT RUN" starttime="20230323 11:00:19.124" endtime="20230323 11:00:19.124"/>
</kw>
<status status="NOT RUN" starttime="20230323 11:00:19.124" endtime="20230323 11:00:19.124"/>
</iter>
<status status="NOT RUN" starttime="20230323 11:00:19.124" endtime="20230323 11:00:19.124"/>
</for>
<status status="NOT RUN" starttime="20230323 11:00:19.123" endtime="20230323 11:00:19.124"/>
</branch>
<branch type="ELSE">
<kw name="Run Keyword And Ignore Error" library="BuiltIn">
<arg>Wait Until Element Is Visible</arg>
<arg>error</arg>
<doc>Runs the given keyword with the given arguments and ignores possible error.</doc>
<status status="NOT RUN" starttime="20230323 11:00:19.125" endtime="20230323 11:00:19.126"/>
</kw>
<kw name="Run Keyword And Ignore Error" library="BuiltIn">
<arg>RPA.Browser.Selenium.Get Text</arg>
<arg>error</arg>
<doc>Runs the given keyword with the given arguments and ignores possible error.</doc>
<status status="NOT RUN" starttime="20230323 11:00:19.126" endtime="20230323 11:00:19.126"/>
</kw>
<kw name="Set Variable" library="BuiltIn">
<var>${value}</var>
<arg>-</arg>
<doc>Returns the given values which can then be assigned to a variables.</doc>
<status status="NOT RUN" starttime="20230323 11:00:19.126" endtime="20230323 11:00:19.126"/>
</kw>
<status status="NOT RUN" starttime="20230323 11:00:19.124" endtime="20230323 11:00:19.126"/>
</branch>
<status status="NOT RUN" starttime="20230323 11:00:19.123" endtime="20230323 11:00:19.126"/>
</if>
<kw name="Append To List" library="Collections">
<arg>${KhaosodTag}</arg>
<arg>${value}</arg>
<doc>Adds ``values`` to the end of ``list``.</doc>
<status status="NOT RUN" starttime="20230323 11:00:19.126" endtime="20230323 11:00:19.126"/>
</kw>
<kw name="Go Back" library="RPA.Browser.Selenium">
<doc>Simulates the user clicking the back button on their browser.</doc>
<status status="NOT RUN" starttime="20230323 11:00:19.126" endtime="20230323 11:00:19.126"/>
</kw>
<kw name="Sleep" library="BuiltIn">
<arg>3s</arg>
<doc>Pauses the test executed for the given time.</doc>
<status status="NOT RUN" starttime="20230323 11:00:19.126" endtime="20230323 11:00:19.126"/>
</kw>
<status status="NOT RUN" starttime="20230323 11:00:19.120" endtime="20230323 11:00:19.126"/>
</iter>
<status status="NOT RUN" starttime="20230323 11:00:19.120" endtime="20230323 11:00:19.126"/>
</for>
<kw name="Go To" library="RPA.Browser.Selenium">
<arg>https://www.khaosod.co.th/around-the-world-news</arg>
<doc>Navigates the current browser window to the provided ``url``.</doc>
<status status="NOT RUN" starttime="20230323 11:00:19.126" endtime="20230323 11:00:19.126"/>
</kw>
<for flavor="IN RANGE">
<var>${count}</var>
<value>1</value>
<value>11</value>
<iter>
<var name="${count}"/>
<kw name="Get Element Attribute" library="RPA.Browser.Selenium">
<var>${attribute}</var>
<arg>xpath:./html/body/main/div[3]/div[1]/div[1]/div[2]/div/div[${count}]/div/div[1]/div/a</arg>
<arg>href</arg>
<doc>Returns the value of ``attribute`` from the element ``locator``.</doc>
<status status="NOT RUN" starttime="20230323 11:00:19.126" endtime="20230323 11:00:19.126"/>
</kw>
<kw name="Append To List" library="Collections">
<arg>${KhaosodAttribute}</arg>
<arg>${attribute}</arg>
<doc>Adds ``values`` to the end of ``list``.</doc>
<status status="NOT RUN" starttime="20230323 11:00:19.126" endtime="20230323 11:00:19.126"/>
</kw>
<kw name="Get Element Attribute" library="RPA.Browser.Selenium">
<var>${image}</var>
<arg>xpath:./html/body/main/div[3]/div[1]/div[1]/div[2]/div/div[${count}]/div/div[1]/div/a/img</arg>
<arg>src</arg>
<doc>Returns the value of ``attribute`` from the element ``locator``.</doc>
<status status="NOT RUN" starttime="20230323 11:00:19.128" endtime="20230323 11:00:19.128"/>
</kw>
<kw name="Append To List" library="Collections">
<arg>${KhaosodImage}</arg>
<arg>${image}</arg>
<doc>Adds ``values`` to the end of ``list``.</doc>
<status status="NOT RUN" starttime="20230323 11:00:19.128" endtime="20230323 11:00:19.128"/>
</kw>
<kw name="Execute Javascript" library="RPA.Browser.Selenium">
<arg>window.scrollTo(0,document.body.scrollHeight)</arg>
<doc>Executes the given JavaScript code with possible arguments.</doc>
<status status="NOT RUN" starttime="20230323 11:00:19.128" endtime="20230323 11:00:19.128"/>
</kw>
<kw name="Click Element" library="RPA.Browser.Selenium">
<arg>xpath:./html/body/main/div[3]/div[1]/div[1]/div[2]/div/div[${count}]</arg>
<doc>Click the element identified by ``locator``.</doc>
<status status="NOT RUN" starttime="20230323 11:00:19.129" endtime="20230323 11:00:19.129"/>
</kw>
<kw name="Sleep" library="BuiltIn">
<arg>3s</arg>
<doc>Pauses the test executed for the given time.</doc>
<status status="NOT RUN" starttime="20230323 11:00:19.129" endtime="20230323 11:00:19.129"/>
</kw>
<kw name="Get Text" library="RPA.Browser.Selenium">
<var>${Title}</var>
<arg>xpath:/html/body/main/article/div[1]/div/div/h1</arg>
<doc>Returns the text value of the element identified by ``locator``.</doc>
<status status="NOT RUN" starttime="20230323 11:00:19.129" endtime="20230323 11:00:19.129"/>
</kw>
<kw name="Append To List" library="Collections">
<arg>${KhaosodTitle}</arg>
<arg>${Title}</arg>
<doc>Adds ``values`` to the end of ``list``.</doc>
<status status="NOT RUN" starttime="20230323 11:00:19.129" endtime="20230323 11:00:19.129"/>
</kw>
<kw name="Get Text" library="RPA.Browser.Selenium">
<var>${Topic}</var>
<arg>xpath:/html/body/main/article/div[1]/div/div/div[3]/div[1]/span</arg>
<doc>Returns the text value of the element identified by ``locator``.</doc>
<status status="NOT RUN" starttime="20230323 11:00:19.129" endtime="20230323 11:00:19.129"/>
</kw>
<kw name="Append To List" library="Collections">
<arg>${KhaosodTopic}</arg>
<arg>${Topic}</arg>
<doc>Adds ``values`` to the end of ``list``.</doc>
<status status="NOT RUN" starttime="20230323 11:00:19.130" endtime="20230323 11:00:19.130"/>
</kw>
<kw name="Get Text" library="RPA.Browser.Selenium">
<var>${Time}</var>
<arg>xpath:/html/body/main/article/div[1]/div/div/div[6]</arg>
<doc>Returns the text value of the element identified by ``locator``.</doc>
<status status="NOT RUN" starttime="20230323 11:00:19.130" endtime="20230323 11:00:19.130"/>
</kw>
<kw name="Append To List" library="Collections">
<arg>${KhaosodTime}</arg>
<arg>${Time}</arg>
<doc>Adds ``values`` to the end of ``list``.</doc>
<status status="NOT RUN" starttime="20230323 11:00:19.130" endtime="20230323 11:00:19.130"/>
</kw>
<kw name="Get Text" library="RPA.Browser.Selenium">
<var>${Content}</var>
<arg>xpath:/html/body/main/article/div[2]/div[3]/div/div[1]/div[2]</arg>
<doc>Returns the text value of the element identified by ``locator``.</doc>
<status status="NOT RUN" starttime="20230323 11:00:19.130" endtime="20230323 11:00:19.130"/>
</kw>
<kw name="Append To List" library="Collections">
<arg>${KhaosodContent}</arg>
<arg>${Content}</arg>
<doc>Adds ``values`` to the end of ``list``.</doc>
<status status="NOT RUN" starttime="20230323 11:00:19.130" endtime="20230323 11:00:19.130"/>
</kw>
<kw name="Sleep" library="BuiltIn">
<arg>3s</arg>
<doc>Pauses the test executed for the given time.</doc>
<status status="NOT RUN" starttime="20230323 11:00:19.130" endtime="20230323 11:00:19.131"/>
</kw>
<kw name="Execute Javascript" library="RPA.Browser.Selenium">
<arg>window.scrollTo(0,document.body.scrollHeight)</arg>
<doc>Executes the given JavaScript code with possible arguments.</doc>
<status status="NOT RUN" starttime="20230323 11:00:19.131" endtime="20230323 11:00:19.131"/>
</kw>
<kw name="Does Page Contain Element" library="RPA.Browser.Selenium">
<var>${contains}</var>
<arg>xpath:/html/body/main/article/div[2]/div[3]/div/div[1]/footer/div/ul/li[${count}]</arg>
<doc>Does page contain expected element</doc>
<status status="NOT RUN" starttime="20230323 11:00:19.131" endtime="20230323 11:00:19.131"/>
</kw>
<if>
<branch type="IF" condition="${contains}">
<kw name="Get Element Count" library="RPA.Browser.Selenium">
<var>${getcount}</var>
<arg>xpath:/html/body/main/article/div[2]/div[3]/div/div[1]/footer/div/ul/li</arg>
<doc>Returns the number of elements matching ``locator``.</doc>
<status status="NOT RUN" starttime="20230323 11:00:19.131" endtime="20230323 11:00:19.131"/>
</kw>
<kw name="Log" library="BuiltIn">
<arg>${getcount}</arg>
<doc>Logs the given message with the given level.</doc>
<status status="NOT RUN" starttime="20230323 11:00:19.131" endtime="20230323 11:00:19.131"/>
</kw>
<kw name="Set Variable" library="BuiltIn">
<var>${value}</var>
<doc>Returns the given values which can then be assigned to a variables.</doc>
<status status="NOT RUN" starttime="20230323 11:00:19.131" endtime="20230323 11:00:19.131"/>
</kw>
<for flavor="IN RANGE">
<var>${countTag}</var>
<value>1</value>
<value>${getcount}+1</value>
<iter>
<var name="${countTag}"/>
<kw name="Get Text" library="RPA.Browser.Selenium">
<var>${Tag}</var>
<arg>xpath:/html/body/main/article/div[2]/div[3]/div/div[1]/footer/div/ul/li[${countTag}]</arg>
<doc>Returns the text value of the element identified by ``locator``.</doc>
<status status="NOT RUN" starttime="20230323 11:00:19.132" endtime="20230323 11:00:19.132"/>
</kw>
<kw name="Set Variable" library="BuiltIn">
<var>${valueTag}</var>
<arg>${Tag}</arg>
<doc>Returns the given values which can then be assigned to a variables.</doc>
<status status="NOT RUN" starttime="20230323 11:00:19.132" endtime="20230323 11:00:19.132"/>
</kw>
<kw name="Catenate" library="BuiltIn">
<var>${value}</var>
<arg>${valueTag}</arg>
<arg>,</arg>
<arg>${value}</arg>
<doc>Catenates the given items together and returns the resulted string.</doc>
<status status="NOT RUN" starttime="20230323 11:00:19.132" endtime="20230323 11:00:19.132"/>
</kw>
<status status="NOT RUN" starttime="20230323 11:00:19.132" endtime="20230323 11:00:19.132"/>
</iter>
<status status="NOT RUN" starttime="20230323 11:00:19.131" endtime="20230323 11:00:19.132"/>
</for>
<status status="NOT RUN" starttime="20230323 11:00:19.131" endtime="20230323 11:00:19.132"/>
</branch>
<branch type="ELSE">
<kw name="Run Keyword And Ignore Error" library="BuiltIn">
<arg>Wait Until Element Is Visible</arg>
<arg>error</arg>
<doc>Runs the given keyword with the given arguments and ignores possible error.</doc>
<status status="NOT RUN" starttime="20230323 11:00:19.132" endtime="20230323 11:00:19.132"/>
</kw>
<kw name="Run Keyword And Ignore Error" library="BuiltIn">
<arg>RPA.Browser.Selenium.Get Text</arg>
<arg>error</arg>
<doc>Runs the given keyword with the given arguments and ignores possible error.</doc>
<status status="NOT RUN" starttime="20230323 11:00:19.132" endtime="20230323 11:00:19.132"/>
</kw>
<kw name="Set Variable" library="BuiltIn">
<var>${value}</var>
<arg>-</arg>
<doc>Returns the given values which can then be assigned to a variables.</doc>
<status status="NOT RUN" starttime="20230323 11:00:19.132" endtime="20230323 11:00:19.132"/>
</kw>
<status status="NOT RUN" starttime="20230323 11:00:19.132" endtime="20230323 11:00:19.133"/>
</branch>
<status status="NOT RUN" starttime="20230323 11:00:19.131" endtime="20230323 11:00:19.133"/>
</if>
<kw name="Append To List" library="Collections">
<arg>${KhaosodTag}</arg>
<arg>${value}</arg>
<doc>Adds ``values`` to the end of ``list``.</doc>
<status status="NOT RUN" starttime="20230323 11:00:19.133" endtime="20230323 11:00:19.133"/>
</kw>
<kw name="Go Back" library="RPA.Browser.Selenium">
<doc>Simulates the user clicking the back button on their browser.</doc>
<status status="NOT RUN" starttime="20230323 11:00:19.133" endtime="20230323 11:00:19.133"/>
</kw>
<kw name="Sleep" library="BuiltIn">
<arg>3s</arg>
<doc>Pauses the test executed for the given time.</doc>
<status status="NOT RUN" starttime="20230323 11:00:19.133" endtime="20230323 11:00:19.133"/>
</kw>
<status status="NOT RUN" starttime="20230323 11:00:19.126" endtime="20230323 11:00:19.133"/>
</iter>
<status status="NOT RUN" starttime="20230323 11:00:19.126" endtime="20230323 11:00:19.133"/>
</for>
<kw name="Go To" library="RPA.Browser.Selenium">
<arg>https://www.khaosod.co.th/royal-news</arg>
<doc>Navigates the current browser window to the provided ``url``.</doc>
<status status="NOT RUN" starttime="20230323 11:00:19.134" endtime="20230323 11:00:19.134"/>
</kw>
<for flavor="IN RANGE">
<var>${count}</var>
<value>1</value>
<value>11</value>
<iter>
<var name="${count}"/>
<kw name="Get Element Attribute" library="RPA.Browser.Selenium">
<var>${attribute}</var>
<arg>xpath:./html/body/main/div[3]/div[1]/div[1]/div[2]/div/div[${count}]/div/div[1]/div/a</arg>
<arg>href</arg>
<doc>Returns the value of ``attribute`` from the element ``locator``.</doc>
<status status="NOT RUN" starttime="20230323 11:00:19.134" endtime="20230323 11:00:19.134"/>
</kw>
<kw name="Append To List" library="Collections">
<arg>${KhaosodAttribute}</arg>
<arg>${attribute}</arg>
<doc>Adds ``values`` to the end of ``list``.</doc>
<status status="NOT RUN" starttime="20230323 11:00:19.135" endtime="20230323 11:00:19.135"/>
</kw>
<kw name="Get Element Attribute" library="RPA.Browser.Selenium">
<var>${image}</var>
<arg>xpath:./html/body/main/div[3]/div[1]/div[1]/div[2]/div/div[${count}]/div/div[1]/div/a/img</arg>
<arg>src</arg>
<doc>Returns the value of ``attribute`` from the element ``locator``.</doc>
<status status="NOT RUN" starttime="20230323 11:00:19.135" endtime="20230323 11:00:19.135"/>
</kw>
<kw name="Append To List" library="Collections">
<arg>${KhaosodImage}</arg>
<arg>${image}</arg>
<doc>Adds ``values`` to the end of ``list``.</doc>
<status status="NOT RUN" starttime="20230323 11:00:19.135" endtime="20230323 11:00:19.135"/>
</kw>
<kw name="Execute Javascript" library="RPA.Browser.Selenium">
<arg>window.scrollTo(0,document.body.scrollHeight)</arg>
<doc>Executes the given JavaScript code with possible arguments.</doc>
<status status="NOT RUN" starttime="20230323 11:00:19.135" endtime="20230323 11:00:19.135"/>
</kw>
<kw name="Click Element" library="RPA.Browser.Selenium">
<arg>xpath:./html/body/main/div[3]/div[1]/div[1]/div[2]/div/div[${count}]</arg>
<doc>Click the element identified by ``locator``.</doc>
<status status="NOT RUN" starttime="20230323 11:00:19.135" endtime="20230323 11:00:19.135"/>
</kw>
<kw name="Sleep" library="BuiltIn">
<arg>3s</arg>
<doc>Pauses the test executed for the given time.</doc>
<status status="NOT RUN" starttime="20230323 11:00:19.135" endtime="20230323 11:00:19.135"/>
</kw>
<kw name="Get Text" library="RPA.Browser.Selenium">
<var>${Title}</var>
<arg>xpath:/html/body/main/article/div[1]/div/div/h1</arg>
<doc>Returns the text value of the element identified by ``locator``.</doc>
<status status="NOT RUN" starttime="20230323 11:00:19.135" endtime="20230323 11:00:19.136"/>
</kw>
<kw name="Append To List" library="Collections">
<arg>${KhaosodTitle}</arg>
<arg>${Title}</arg>
<doc>Adds ``values`` to the end of ``list``.</doc>
<status status="NOT RUN" starttime="20230323 11:00:19.136" endtime="20230323 11:00:19.136"/>
</kw>
<kw name="Get Text" library="RPA.Browser.Selenium">
<var>${Topic}</var>
<arg>xpath:/html/body/main/article/div[1]/div/div/div[3]/div[1]/span</arg>
<doc>Returns the text value of the element identified by ``locator``.</doc>
<status status="NOT RUN" starttime="20230323 11:00:19.136" endtime="20230323 11:00:19.136"/>
</kw>
<kw name="Append To List" library="Collections">
<arg>${KhaosodTopic}</arg>
<arg>${Topic}</arg>
<doc>Adds ``values`` to the end of ``list``.</doc>
<status status="NOT RUN" starttime="20230323 11:00:19.136" endtime="20230323 11:00:19.136"/>
</kw>
<kw name="Get Text" library="RPA.Browser.Selenium">
<var>${Time}</var>
<arg>xpath:/html/body/main/article/div[1]/div/div/div[6]</arg>
<doc>Returns the text value of the element identified by ``locator``.</doc>
<status status="NOT RUN" starttime="20230323 11:00:19.136" endtime="20230323 11:00:19.136"/>
</kw>
<kw name="Append To List" library="Collections">
<arg>${KhaosodTime}</arg>
<arg>${Time}</arg>
<doc>Adds ``values`` to the end of ``list``.</doc>
<status status="NOT RUN" starttime="20230323 11:00:19.136" endtime="20230323 11:00:19.136"/>
</kw>
<kw name="Get Text" library="RPA.Browser.Selenium">
<var>${Content}</var>
<arg>xpath:/html/body/main/article/div[2]/div[3]/div/div[1]/div[2]</arg>
<doc>Returns the text value of the element identified by ``locator``.</doc>
<status status="NOT RUN" starttime="20230323 11:00:19.136" endtime="20230323 11:00:19.136"/>
</kw>
<kw name="Append To List" library="Collections">
<arg>${KhaosodContent}</arg>
<arg>${Content}</arg>
<doc>Adds ``values`` to the end of ``list``.</doc>
<status status="NOT RUN" starttime="20230323 11:00:19.136" endtime="20230323 11:00:19.137"/>
</kw>
<kw name="Sleep" library="BuiltIn">
<arg>3s</arg>
<doc>Pauses the test executed for the given time.</doc>
<status status="NOT RUN" starttime="20230323 11:00:19.137" endtime="20230323 11:00:19.137"/>
</kw>
<kw name="Execute Javascript" library="RPA.Browser.Selenium">
<arg>window.scrollTo(0,document.body.scrollHeight)</arg>
<doc>Executes the given JavaScript code with possible arguments.</doc>
<status status="NOT RUN" starttime="20230323 11:00:19.137" endtime="20230323 11:00:19.137"/>
</kw>
<kw name="Does Page Contain Element" library="RPA.Browser.Selenium">
<var>${contains}</var>
<arg>xpath:/html/body/main/article/div[2]/div[3]/div/div[1]/footer/div/ul/li[${count}]</arg>
<doc>Does page contain expected element</doc>
<status status="NOT RUN" starttime="20230323 11:00:19.137" endtime="20230323 11:00:19.137"/>
</kw>
<if>
<branch type="IF" condition="${contains}">
<kw name="Get Element Count" library="RPA.Browser.Selenium">
<var>${getcount}</var>
<arg>xpath:/html/body/main/article/div[2]/div[3]/div/div[1]/footer/div/ul/li</arg>
<doc>Returns the number of elements matching ``locator``.</doc>
<status status="NOT RUN" starttime="20230323 11:00:19.137" endtime="20230323 11:00:19.137"/>
</kw>
<kw name="Log" library="BuiltIn">
<arg>${getcount}</arg>
<doc>Logs the given message with the given level.</doc>
<status status="NOT RUN" starttime="20230323 11:00:19.137" endtime="20230323 11:00:19.137"/>
</kw>
<kw name="Set Variable" library="BuiltIn">
<var>${value}</var>
<doc>Returns the given values which can then be assigned to a variables.</doc>
<status status="NOT RUN" starttime="20230323 11:00:19.137" endtime="20230323 11:00:19.137"/>
</kw>
<for flavor="IN RANGE">
<var>${countTag}</var>
<value>1</value>
<value>${getcount}+1</value>
<iter>
<var name="${countTag}"/>
<kw name="Get Text" library="RPA.Browser.Selenium">
<var>${Tag}</var>
<arg>xpath:/html/body/main/article/div[2]/div[3]/div/div[1]/footer/div/ul/li[${countTag}]</arg>
<doc>Returns the text value of the element identified by ``locator``.</doc>
<status status="NOT RUN" starttime="20230323 11:00:19.138" endtime="20230323 11:00:19.138"/>
</kw>
<kw name="Set Variable" library="BuiltIn">
<var>${valueTag}</var>
<arg>${Tag}</arg>
<doc>Returns the given values which can then be assigned to a variables.</doc>
<status status="NOT RUN" starttime="20230323 11:00:19.138" endtime="20230323 11:00:19.138"/>
</kw>
<kw name="Catenate" library="BuiltIn">
<var>${value}</var>
<arg>${valueTag}</arg>
<arg>,</arg>
<arg>${value}</arg>
<doc>Catenates the given items together and returns the resulted string.</doc>
<status status="NOT RUN" starttime="20230323 11:00:19.138" endtime="20230323 11:00:19.138"/>
</kw>
<status status="NOT RUN" starttime="20230323 11:00:19.138" endtime="20230323 11:00:19.138"/>
</iter>
<status status="NOT RUN" starttime="20230323 11:00:19.138" endtime="20230323 11:00:19.138"/>
</for>
<status status="NOT RUN" starttime="20230323 11:00:19.137" endtime="20230323 11:00:19.138"/>
</branch>
<branch type="ELSE">
<kw name="Run Keyword And Ignore Error" library="BuiltIn">
<arg>Wait Until Element Is Visible</arg>
<arg>error</arg>
<doc>Runs the given keyword with the given arguments and ignores possible error.</doc>
<status status="NOT RUN" starttime="20230323 11:00:19.138" endtime="20230323 11:00:19.138"/>
</kw>
<kw name="Run Keyword And Ignore Error" library="BuiltIn">
<arg>RPA.Browser.Selenium.Get Text</arg>
<arg>error</arg>
<doc>Runs the given keyword with the given arguments and ignores possible error.</doc>
<status status="NOT RUN" starttime="20230323 11:00:19.138" endtime="20230323 11:00:19.139"/>
</kw>
<kw name="Set Variable" library="BuiltIn">
<var>${value}</var>
<arg>-</arg>
<doc>Returns the given values which can then be assigned to a variables.</doc>
<status status="NOT RUN" starttime="20230323 11:00:19.139" endtime="20230323 11:00:19.139"/>
</kw>
<status status="NOT RUN" starttime="20230323 11:00:19.138" endtime="20230323 11:00:19.139"/>
</branch>
<status status="NOT RUN" starttime="20230323 11:00:19.137" endtime="20230323 11:00:19.139"/>
</if>
<kw name="Append To List" library="Collections">
<arg>${KhaosodTag}</arg>
<arg>${value}</arg>
<doc>Adds ``values`` to the end of ``list``.</doc>
<status status="NOT RUN" starttime="20230323 11:00:19.139" endtime="20230323 11:00:19.139"/>
</kw>
<kw name="Go Back" library="RPA.Browser.Selenium">
<doc>Simulates the user clicking the back button on their browser.</doc>
<status status="NOT RUN" starttime="20230323 11:00:19.139" endtime="20230323 11:00:19.139"/>
</kw>
<kw name="Sleep" library="BuiltIn">
<arg>3s</arg>
<doc>Pauses the test executed for the given time.</doc>
<status status="NOT RUN" starttime="20230323 11:00:19.139" endtime="20230323 11:00:19.139"/>
</kw>
<status status="NOT RUN" starttime="20230323 11:00:19.134" endtime="20230323 11:00:19.140"/>
</iter>
<status status="NOT RUN" starttime="20230323 11:00:19.134" endtime="20230323 11:00:19.140"/>
</for>
<kw name="Go To" library="RPA.Browser.Selenium">
<arg>https://www.khaosod.co.th/covid-19</arg>
<doc>Navigates the current browser window to the provided ``url``.</doc>
<status status="NOT RUN" starttime="20230323 11:00:19.140" endtime="20230323 11:00:19.140"/>
</kw>
<for flavor="IN RANGE">
<var>${count}</var>
<value>1</value>
<value>11</value>
<iter>
<var name="${count}"/>
<kw name="Get Element Attribute" library="RPA.Browser.Selenium">
<var>${attribute}</var>
<arg>xpath:./html/body/main/div[4]/div[1]/div[1]/div[2]/div/div[${count}]/div/div[1]/div/a</arg>
<arg>href</arg>
<doc>Returns the value of ``attribute`` from the element ``locator``.</doc>
<status status="NOT RUN" starttime="20230323 11:00:19.141" endtime="20230323 11:00:19.141"/>
</kw>
<kw name="Append To List" library="Collections">
<arg>${KhaosodAttribute}</arg>
<arg>${attribute}</arg>
<doc>Adds ``values`` to the end of ``list``.</doc>
<status status="NOT RUN" starttime="20230323 11:00:19.141" endtime="20230323 11:00:19.141"/>
</kw>
<kw name="Get Element Attribute" library="RPA.Browser.Selenium">
<var>${image}</var>
<arg>xpath:./html/body/main/div[4]/div[1]/div[1]/div[2]/div/div[${count}]/div/div[1]/div/a/img</arg>
<arg>src</arg>
<doc>Returns the value of ``attribute`` from the element ``locator``.</doc>
<status status="NOT RUN" starttime="20230323 11:00:19.142" endtime="20230323 11:00:19.142"/>
</kw>
<kw name="Append To List" library="Collections">
<arg>${KhaosodImage}</arg>
<arg>${image}</arg>
<doc>Adds ``values`` to the end of ``list``.</doc>
<status status="NOT RUN" starttime="20230323 11:00:19.142" endtime="20230323 11:00:19.142"/>
</kw>
<kw name="Execute Javascript" library="RPA.Browser.Selenium">
<arg>window.scrollTo(0,document.body.scrollHeight)</arg>
<doc>Executes the given JavaScript code with possible arguments.</doc>
<status status="NOT RUN" starttime="20230323 11:00:19.142" endtime="20230323 11:00:19.142"/>
</kw>
<kw name="Click Element" library="RPA.Browser.Selenium">
<arg>xpath:./html/body/main/div[4]/div[1]/div[1]/div[2]/div/div[${count}]</arg>
<doc>Click the element identified by ``locator``.</doc>
<status status="NOT RUN" starttime="20230323 11:00:19.142" endtime="20230323 11:00:19.142"/>
</kw>
<kw name="Sleep" library="BuiltIn">
<arg>3s</arg>
<doc>Pauses the test executed for the given time.</doc>
<status status="NOT RUN" starttime="20230323 11:00:19.142" endtime="20230323 11:00:19.142"/>
</kw>
<kw name="Get Text" library="RPA.Browser.Selenium">
<var>${Title}</var>
<arg>xpath:/html/body/main/article/div[1]/div/div/h1</arg>
<doc>Returns the text value of the element identified by ``locator``.</doc>
<status status="NOT RUN" starttime="20230323 11:00:19.142" endtime="20230323 11:00:19.142"/>
</kw>
<kw name="Append To List" library="Collections">
<arg>${KhaosodTitle}</arg>
<arg>${Title}</arg>
<doc>Adds ``values`` to the end of ``list``.</doc>
<status status="NOT RUN" starttime="20230323 11:00:19.142" endtime="20230323 11:00:19.142"/>
</kw>
<kw name="Get Text" library="RPA.Browser.Selenium">
<var>${Topic}</var>
<arg>xpath:/html/body/main/article/div[1]/div/div/div[3]/div[1]/span</arg>
<doc>Returns the text value of the element identified by ``locator``.</doc>
<status status="NOT RUN" starttime="20230323 11:00:19.142" endtime="20230323 11:00:19.142"/>
</kw>
<kw name="Append To List" library="Collections">
<arg>${KhaosodTopic}</arg>
<arg>${Topic}</arg>
<doc>Adds ``values`` to the end of ``list``.</doc>
<status status="NOT RUN" starttime="20230323 11:00:19.142" endtime="20230323 11:00:19.142"/>
</kw>
<kw name="Get Text" library="RPA.Browser.Selenium">
<var>${Time}</var>
<arg>xpath:/html/body/main/article/div[1]/div/div/div[6]</arg>
<doc>Returns the text value of the element identified by ``locator``.</doc>
<status status="NOT RUN" starttime="20230323 11:00:19.142" endtime="20230323 11:00:19.142"/>
</kw>
<kw name="Append To List" library="Collections">
<arg>${KhaosodTime}</arg>
<arg>${Time}</arg>
<doc>Adds ``values`` to the end of ``list``.</doc>
<status status="NOT RUN" starttime="20230323 11:00:19.142" endtime="20230323 11:00:19.142"/>
</kw>
<kw name="Get Text" library="RPA.Browser.Selenium">
<var>${Content}</var>
<arg>xpath:/html/body/main/article/div[2]/div[3]/div/div[1]/div[2]</arg>
<doc>Returns the text value of the element identified by ``locator``.</doc>
<status status="NOT RUN" starttime="20230323 11:00:19.142" endtime="20230323 11:00:19.142"/>
</kw>
<kw name="Append To List" library="Collections">
<arg>${KhaosodContent}</arg>
<arg>${Content}</arg>
<doc>Adds ``values`` to the end of ``list``.</doc>
<status status="NOT RUN" starttime="20230323 11:00:19.142" endtime="20230323 11:00:19.142"/>
</kw>
<kw name="Sleep" library="BuiltIn">
<arg>3s</arg>
<doc>Pauses the test executed for the given time.</doc>
<status status="NOT RUN" starttime="20230323 11:00:19.142" endtime="20230323 11:00:19.142"/>
</kw>
<kw name="Execute Javascript" library="RPA.Browser.Selenium">
<arg>window.scrollTo(0,document.body.scrollHeight)</arg>
<doc>Executes the given JavaScript code with possible arguments.</doc>
<status status="NOT RUN" starttime="20230323 11:00:19.142" endtime="20230323 11:00:19.142"/>
</kw>
<kw name="Does Page Contain Element" library="RPA.Browser.Selenium">
<var>${contains}</var>
<arg>xpath:/html/body/main/article/div[2]/div[3]/div/div[1]/footer/div/ul/li[${count}]</arg>
<doc>Does page contain expected element</doc>
<status status="NOT RUN" starttime="20230323 11:00:19.142" endtime="20230323 11:00:19.142"/>
</kw>
<if>
<branch type="IF" condition="${contains}">
<kw name="Get Element Count" library="RPA.Browser.Selenium">
<var>${getcount}</var>
<arg>xpath:/html/body/main/article/div[2]/div[3]/div/div[1]/footer/div/ul/li</arg>
<doc>Returns the number of elements matching ``locator``.</doc>
<status status="NOT RUN" starttime="20230323 11:00:19.142" endtime="20230323 11:00:19.142"/>
</kw>
<kw name="Log" library="BuiltIn">
<arg>${getcount}</arg>
<doc>Logs the given message with the given level.</doc>
<status status="NOT RUN" starttime="20230323 11:00:19.142" endtime="20230323 11:00:19.145"/>
</kw>
<kw name="Set Variable" library="BuiltIn">
<var>${value}</var>
<doc>Returns the given values which can then be assigned to a variables.</doc>
<status status="NOT RUN" starttime="20230323 11:00:19.145" endtime="20230323 11:00:19.145"/>
</kw>
<for flavor="IN RANGE">
<var>${countTag}</var>
<value>1</value>
<value>${getcount}+1</value>
<iter>
<var name="${countTag}"/>
<kw name="Get Text" library="RPA.Browser.Selenium">
<var>${Tag}</var>
<arg>xpath:/html/body/main/article/div[2]/div[3]/div/div[1]/footer/div/ul/li[${countTag}]</arg>
<doc>Returns the text value of the element identified by ``locator``.</doc>
<status status="NOT RUN" starttime="20230323 11:00:19.146" endtime="20230323 11:00:19.146"/>
</kw>
<kw name="Set Variable" library="BuiltIn">
<var>${valueTag}</var>
<arg>${Tag}</arg>
<doc>Returns the given values which can then be assigned to a variables.</doc>
<status status="NOT RUN" starttime="20230323 11:00:19.146" endtime="20230323 11:00:19.146"/>
</kw>
<kw name="Catenate" library="BuiltIn">
<var>${value}</var>
<arg>${valueTag}</arg>
<arg>,</arg>
<arg>${value}</arg>
<doc>Catenates the given items together and returns the resulted string.</doc>
<status status="NOT RUN" starttime="20230323 11:00:19.146" endtime="20230323 11:00:19.146"/>
</kw>
<status status="NOT RUN" starttime="20230323 11:00:19.145" endtime="20230323 11:00:19.146"/>
</iter>
<status status="NOT RUN" starttime="20230323 11:00:19.145" endtime="20230323 11:00:19.146"/>
</for>
<status status="NOT RUN" starttime="20230323 11:00:19.142" endtime="20230323 11:00:19.146"/>
</branch>
<branch type="ELSE">
<kw name="Run Keyword And Ignore Error" library="BuiltIn">
<arg>Wait Until Element Is Visible</arg>
<arg>error</arg>
<doc>Runs the given keyword with the given arguments and ignores possible error.</doc>
<status status="NOT RUN" starttime="20230323 11:00:19.146" endtime="20230323 11:00:19.146"/>
</kw>
<kw name="Run Keyword And Ignore Error" library="BuiltIn">
<arg>RPA.Browser.Selenium.Get Text</arg>
<arg>error</arg>
<doc>Runs the given keyword with the given arguments and ignores possible error.</doc>
<status status="NOT RUN" starttime="20230323 11:00:19.146" endtime="20230323 11:00:19.146"/>
</kw>
<kw name="Set Variable" library="BuiltIn">
<var>${value}</var>
<arg>-</arg>
<doc>Returns the given values which can then be assigned to a variables.</doc>
<status status="NOT RUN" starttime="20230323 11:00:19.146" endtime="20230323 11:00:19.146"/>
</kw>
<status status="NOT RUN" starttime="20230323 11:00:19.146" endtime="20230323 11:00:19.147"/>
</branch>
<status status="NOT RUN" starttime="20230323 11:00:19.142" endtime="20230323 11:00:19.147"/>
</if>
<kw name="Append To List" library="Collections">
<arg>${KhaosodTag}</arg>
<arg>${value}</arg>
<doc>Adds ``values`` to the end of ``list``.</doc>
<status status="NOT RUN" starttime="20230323 11:00:19.147" endtime="20230323 11:00:19.147"/>
</kw>
<kw name="Go Back" library="RPA.Browser.Selenium">
<doc>Simulates the user clicking the back button on their browser.</doc>
<status status="NOT RUN" starttime="20230323 11:00:19.147" endtime="20230323 11:00:19.147"/>
</kw>
<kw name="Sleep" library="BuiltIn">
<arg>3s</arg>
<doc>Pauses the test executed for the given time.</doc>
<status status="NOT RUN" starttime="20230323 11:00:19.147" endtime="20230323 11:00:19.147"/>
</kw>
<status status="NOT RUN" starttime="20230323 11:00:19.141" endtime="20230323 11:00:19.147"/>
</iter>
<status status="NOT RUN" starttime="20230323 11:00:19.141" endtime="20230323 11:00:19.147"/>
</for>
<kw name="Go To" library="RPA.Browser.Selenium">
<arg>https://www.khaosod.co.th/entertainment</arg>
<doc>Navigates the current browser window to the provided ``url``.</doc>
<status status="NOT RUN" starttime="20230323 11:00:19.148" endtime="20230323 11:00:19.148"/>
</kw>
<for flavor="IN RANGE">
<var>${count}</var>
<value>1</value>
<value>11</value>
<iter>
<var name="${count}"/>
<kw name="Get Element Attribute" library="RPA.Browser.Selenium">
<var>${attribute}</var>
<arg>xpath:./html/body/main/div[4]/div[1]/div[1]/div[2]/div/div[${count}]/div/div[1]/div/a</arg>
<arg>href</arg>
<doc>Returns the value of ``attribute`` from the element ``locator``.</doc>
<status status="NOT RUN" starttime="20230323 11:00:19.149" endtime="20230323 11:00:19.149"/>
</kw>
<kw name="Append To List" library="Collections">
<arg>${KhaosodAttribute}</arg>
<arg>${attribute}</arg>
<doc>Adds ``values`` to the end of ``list``.</doc>
<status status="NOT RUN" starttime="20230323 11:00:19.149" endtime="20230323 11:00:19.149"/>
</kw>
<kw name="Get Element Attribute" library="RPA.Browser.Selenium">
<var>${image}</var>
<arg>xpath:./html/body/main/div[4]/div[1]/div[1]/div[2]/div/div[${count}]/div/div[1]/div/a/img</arg>
<arg>src</arg>
<doc>Returns the value of ``attribute`` from the element ``locator``.</doc>
<status status="NOT RUN" starttime="20230323 11:00:19.149" endtime="20230323 11:00:19.149"/>
</kw>
<kw name="Append To List" library="Collections">
<arg>${KhaosodImage}</arg>
<arg>${image}</arg>
<doc>Adds ``values`` to the end of ``list``.</doc>
<status status="NOT RUN" starttime="20230323 11:00:19.149" endtime="20230323 11:00:19.149"/>
</kw>
<kw name="Execute Javascript" library="RPA.Browser.Selenium">
<arg>window.scrollTo(0,document.body.scrollHeight)</arg>
<doc>Executes the given JavaScript code with possible arguments.</doc>
<status status="NOT RUN" starttime="20230323 11:00:19.149" endtime="20230323 11:00:19.149"/>
</kw>
<kw name="Click Element" library="RPA.Browser.Selenium">
<arg>xpath:./html/body/main/div[4]/div[1]/div[1]/div[2]/div/div[${count}]</arg>
<doc>Click the element identified by ``locator``.</doc>
<status status="NOT RUN" starttime="20230323 11:00:19.149" endtime="20230323 11:00:19.149"/>
</kw>
<kw name="Sleep" library="BuiltIn">
<arg>3s</arg>
<doc>Pauses the test executed for the given time.</doc>
<status status="NOT RUN" starttime="20230323 11:00:19.149" endtime="20230323 11:00:19.150"/>
</kw>
<kw name="Get Text" library="RPA.Browser.Selenium">
<var>${Title}</var>
<arg>xpath:/html/body/main/article/div[1]/div/div/h1</arg>
<doc>Returns the text value of the element identified by ``locator``.</doc>
<status status="NOT RUN" starttime="20230323 11:00:19.150" endtime="20230323 11:00:19.150"/>
</kw>
<kw name="Append To List" library="Collections">
<arg>${KhaosodTitle}</arg>
<arg>${Title}</arg>
<doc>Adds ``values`` to the end of ``list``.</doc>
<status status="NOT RUN" starttime="20230323 11:00:19.150" endtime="20230323 11:00:19.150"/>
</kw>
<kw name="Get Text" library="RPA.Browser.Selenium">
<var>${Topic}</var>
<arg>xpath:/html/body/main/article/div[1]/div/div/div[3]/div[1]/span</arg>
<doc>Returns the text value of the element identified by ``locator``.</doc>
<status status="NOT RUN" starttime="20230323 11:00:19.150" endtime="20230323 11:00:19.150"/>
</kw>
<kw name="Append To List" library="Collections">
<arg>${KhaosodTopic}</arg>
<arg>${Topic}</arg>
<doc>Adds ``values`` to the end of ``list``.</doc>
<status status="NOT RUN" starttime="20230323 11:00:19.150" endtime="20230323 11:00:19.150"/>
</kw>
<kw name="Get Text" library="RPA.Browser.Selenium">
<var>${Time}</var>
<arg>xpath:/html/body/main/article/div[1]/div/div/div[6]</arg>
<doc>Returns the text value of the element identified by ``locator``.</doc>
<status status="NOT RUN" starttime="20230323 11:00:19.150" endtime="20230323 11:00:19.150"/>
</kw>
<kw name="Append To List" library="Collections">
<arg>${KhaosodTime}</arg>
<arg>${Time}</arg>
<doc>Adds ``values`` to the end of ``list``.</doc>
<status status="NOT RUN" starttime="20230323 11:00:19.151" endtime="20230323 11:00:19.151"/>
</kw>
<kw name="Get Text" library="RPA.Browser.Selenium">
<var>${Content}</var>
<arg>xpath:/html/body/main/article/div[2]/div[3]/div/div[1]/div[2]</arg>
<doc>Returns the text value of the element identified by ``locator``.</doc>
<status status="NOT RUN" starttime="20230323 11:00:19.151" endtime="20230323 11:00:19.151"/>
</kw>
<kw name="Append To List" library="Collections">
<arg>${KhaosodContent}</arg>
<arg>${Content}</arg>
<doc>Adds ``values`` to the end of ``list``.</doc>
<status status="NOT RUN" starttime="20230323 11:00:19.151" endtime="20230323 11:00:19.151"/>
</kw>
<kw name="Sleep" library="BuiltIn">
<arg>3s</arg>
<doc>Pauses the test executed for the given time.</doc>
<status status="NOT RUN" starttime="20230323 11:00:19.151" endtime="20230323 11:00:19.151"/>
</kw>
<kw name="Execute Javascript" library="RPA.Browser.Selenium">
<arg>window.scrollTo(0,document.body.scrollHeight)</arg>
<doc>Executes the given JavaScript code with possible arguments.</doc>
<status status="NOT RUN" starttime="20230323 11:00:19.151" endtime="20230323 11:00:19.151"/>
</kw>
<kw name="Does Page Contain Element" library="RPA.Browser.Selenium">
<var>${contains}</var>
<arg>xpath:/html/body/main/article/div[2]/div[3]/div/div[1]/footer/div/ul/li[${count}]</arg>
<doc>Does page contain expected element</doc>
<status status="NOT RUN" starttime="20230323 11:00:19.151" endtime="20230323 11:00:19.151"/>
</kw>
<if>
<branch type="IF" condition="${contains}">
<kw name="Get Element Count" library="RPA.Browser.Selenium">
<var>${getcount}</var>
<arg>xpath:/html/body/main/article/div[2]/div[3]/div/div[1]/footer/div/ul/li</arg>
<doc>Returns the number of elements matching ``locator``.</doc>
<status status="NOT RUN" starttime="20230323 11:00:19.152" endtime="20230323 11:00:19.152"/>
</kw>
<kw name="Log" library="BuiltIn">
<arg>${getcount}</arg>
<doc>Logs the given message with the given level.</doc>
<status status="NOT RUN" starttime="20230323 11:00:19.152" endtime="20230323 11:00:19.152"/>
</kw>
<kw name="Set Variable" library="BuiltIn">
<var>${value}</var>
<doc>Returns the given values which can then be assigned to a variables.</doc>
<status status="NOT RUN" starttime="20230323 11:00:19.152" endtime="20230323 11:00:19.152"/>
</kw>
<for flavor="IN RANGE">
<var>${countTag}</var>
<value>1</value>
<value>${getcount}+1</value>
<iter>
<var name="${countTag}"/>
<kw name="Get Text" library="RPA.Browser.Selenium">
<var>${Tag}</var>
<arg>xpath:/html/body/main/article/div[2]/div[3]/div/div[1]/footer/div/ul/li[${countTag}]</arg>
<doc>Returns the text value of the element identified by ``locator``.</doc>
<status status="NOT RUN" starttime="20230323 11:00:19.153" endtime="20230323 11:00:19.153"/>
</kw>
<kw name="Set Variable" library="BuiltIn">
<var>${valueTag}</var>
<arg>${Tag}</arg>
<doc>Returns the given values which can then be assigned to a variables.</doc>
<status status="NOT RUN" starttime="20230323 11:00:19.153" endtime="20230323 11:00:19.154"/>
</kw>
<kw name="Catenate" library="BuiltIn">
<var>${value}</var>
<arg>${valueTag}</arg>
<arg>,</arg>
<arg>${value}</arg>
<doc>Catenates the given items together and returns the resulted string.</doc>
<status status="NOT RUN" starttime="20230323 11:00:19.154" endtime="20230323 11:00:19.154"/>
</kw>
<status status="NOT RUN" starttime="20230323 11:00:19.153" endtime="20230323 11:00:19.154"/>
</iter>
<status status="NOT RUN" starttime="20230323 11:00:19.153" endtime="20230323 11:00:19.154"/>
</for>
<status status="NOT RUN" starttime="20230323 11:00:19.152" endtime="20230323 11:00:19.154"/>
</branch>
<branch type="ELSE">
<kw name="Run Keyword And Ignore Error" library="BuiltIn">
<arg>Wait Until Element Is Visible</arg>
<arg>error</arg>
<doc>Runs the given keyword with the given arguments and ignores possible error.</doc>
<status status="NOT RUN" starttime="20230323 11:00:19.154" endtime="20230323 11:00:19.154"/>
</kw>
<kw name="Run Keyword And Ignore Error" library="BuiltIn">
<arg>RPA.Browser.Selenium.Get Text</arg>
<arg>error</arg>
<doc>Runs the given keyword with the given arguments and ignores possible error.</doc>
<status status="NOT RUN" starttime="20230323 11:00:19.154" endtime="20230323 11:00:19.154"/>
</kw>
<kw name="Set Variable" library="BuiltIn">
<var>${value}</var>
<arg>-</arg>
<doc>Returns the given values which can then be assigned to a variables.</doc>
<status status="NOT RUN" starttime="20230323 11:00:19.154" endtime="20230323 11:00:19.154"/>
</kw>
<status status="NOT RUN" starttime="20230323 11:00:19.154" endtime="20230323 11:00:19.154"/>
</branch>
<status status="NOT RUN" starttime="20230323 11:00:19.151" endtime="20230323 11:00:19.154"/>
</if>
<kw name="Append To List" library="Collections">
<arg>${KhaosodTag}</arg>
<arg>${value}</arg>
<doc>Adds ``values`` to the end of ``list``.</doc>
<status status="NOT RUN" starttime="20230323 11:00:19.154" endtime="20230323 11:00:19.155"/>
</kw>
<kw name="Go Back" library="RPA.Browser.Selenium">
<doc>Simulates the user clicking the back button on their browser.</doc>
<status status="NOT RUN" starttime="20230323 11:00:19.155" endtime="20230323 11:00:19.155"/>
</kw>
<kw name="Sleep" library="BuiltIn">
<arg>3s</arg>
<doc>Pauses the test executed for the given time.</doc>
<status status="NOT RUN" starttime="20230323 11:00:19.155" endtime="20230323 11:00:19.155"/>
</kw>
<status status="NOT RUN" starttime="20230323 11:00:19.148" endtime="20230323 11:00:19.155"/>
</iter>
<status status="NOT RUN" starttime="20230323 11:00:19.148" endtime="20230323 11:00:19.155"/>
</for>
<kw name="Go To" library="RPA.Browser.Selenium">
<arg>https://www.khaosod.co.th/sports</arg>
<doc>Navigates the current browser window to the provided ``url``.</doc>
<status status="NOT RUN" starttime="20230323 11:00:19.156" endtime="20230323 11:00:19.156"/>
</kw>
<for flavor="IN RANGE">
<var>${count}</var>
<value>1</value>
<value>11</value>
<iter>
<var name="${count}"/>
<kw name="Get Element Attribute" library="RPA.Browser.Selenium">
<var>${attribute}</var>
<arg>xpath:./html/body/main/div[4]/div[1]/div[1]/div[2]/div/div[${count}]/div/div[1]/div/a</arg>
<arg>href</arg>
<doc>Returns the value of ``attribute`` from the element ``locator``.</doc>
<status status="NOT RUN" starttime="20230323 11:00:19.157" endtime="20230323 11:00:19.157"/>
</kw>
<kw name="Append To List" library="Collections">
<arg>${KhaosodAttribute}</arg>
<arg>${attribute}</arg>
<doc>Adds ``values`` to the end of ``list``.</doc>
<status status="NOT RUN" starttime="20230323 11:00:19.157" endtime="20230323 11:00:19.157"/>
</kw>
<kw name="Get Element Attribute" library="RPA.Browser.Selenium">
<var>${image}</var>
<arg>xpath:./html/body/main/div[4]/div[1]/div[1]/div[2]/div/div[${count}]/div/div[1]/div/a/img</arg>
<arg>src</arg>
<doc>Returns the value of ``attribute`` from the element ``locator``.</doc>
<status status="NOT RUN" starttime="20230323 11:00:19.157" endtime="20230323 11:00:19.157"/>
</kw>
<kw name="Append To List" library="Collections">
<arg>${KhaosodImage}</arg>
<arg>${image}</arg>
<doc>Adds ``values`` to the end of ``list``.</doc>
<status status="NOT RUN" starttime="20230323 11:00:19.157" endtime="20230323 11:00:19.157"/>
</kw>
<kw name="Execute Javascript" library="RPA.Browser.Selenium">
<arg>window.scrollTo(0,document.body.scrollHeight)</arg>
<doc>Executes the given JavaScript code with possible arguments.</doc>
<status status="NOT RUN" starttime="20230323 11:00:19.157" endtime="20230323 11:00:19.157"/>
</kw>
<kw name="Click Element" library="RPA.Browser.Selenium">
<arg>xpath:./html/body/main/div[4]/div[1]/div[1]/div[2]/div/div[${count}]</arg>
<doc>Click the element identified by ``locator``.</doc>
<status status="NOT RUN" starttime="20230323 11:00:19.157" endtime="20230323 11:00:19.157"/>
</kw>
<kw name="Sleep" library="BuiltIn">
<arg>3s</arg>
<doc>Pauses the test executed for the given time.</doc>
<status status="NOT RUN" starttime="20230323 11:00:19.158" endtime="20230323 11:00:19.158"/>
</kw>
<kw name="Get Text" library="RPA.Browser.Selenium">
<var>${Title}</var>
<arg>xpath:/html/body/main/article/div[1]/div/div/h1</arg>
<doc>Returns the text value of the element identified by ``locator``.</doc>
<status status="NOT RUN" starttime="20230323 11:00:19.158" endtime="20230323 11:00:19.158"/>
</kw>
<kw name="Append To List" library="Collections">
<arg>${KhaosodTitle}</arg>
<arg>${Title}</arg>
<doc>Adds ``values`` to the end of ``list``.</doc>
<status status="NOT RUN" starttime="20230323 11:00:19.158" endtime="20230323 11:00:19.158"/>
</kw>
<kw name="Get Text" library="RPA.Browser.Selenium">
<var>${Topic}</var>
<arg>xpath:/html/body/main/article/div[1]/div/div/div[3]/div[1]/span</arg>
<doc>Returns the text value of the element identified by ``locator``.</doc>
<status status="NOT RUN" starttime="20230323 11:00:19.158" endtime="20230323 11:00:19.158"/>
</kw>
<kw name="Append To List" library="Collections">
<arg>${KhaosodTopic}</arg>
<arg>${Topic}</arg>
<doc>Adds ``values`` to the end of ``list``.</doc>
<status status="NOT RUN" starttime="20230323 11:00:19.158" endtime="20230323 11:00:19.158"/>
</kw>
<kw name="Get Text" library="RPA.Browser.Selenium">
<var>${Time}</var>
<arg>xpath:/html/body/main/article/div[1]/div/div/div[6]</arg>
<doc>Returns the text value of the element identified by ``locator``.</doc>
<status status="NOT RUN" starttime="20230323 11:00:19.158" endtime="20230323 11:00:19.158"/>
</kw>
<kw name="Append To List" library="Collections">
<arg>${KhaosodTime}</arg>
<arg>${Time}</arg>
<doc>Adds ``values`` to the end of ``list``.</doc>
<status status="NOT RUN" starttime="20230323 11:00:19.158" endtime="20230323 11:00:19.159"/>
</kw>
<kw name="Get Text" library="RPA.Browser.Selenium">
<var>${Content}</var>
<arg>xpath:/html/body/main/article/div[2]/div[3]/div/div[1]/div[2]</arg>
<doc>Returns the text value of the element identified by ``locator``.</doc>
<status status="NOT RUN" starttime="20230323 11:00:19.159" endtime="20230323 11:00:19.159"/>
</kw>
<kw name="Append To List" library="Collections">
<arg>${KhaosodContent}</arg>
<arg>${Content}</arg>
<doc>Adds ``values`` to the end of ``list``.</doc>
<status status="NOT RUN" starttime="20230323 11:00:19.159" endtime="20230323 11:00:19.159"/>
</kw>
<kw name="Sleep" library="BuiltIn">
<arg>3s</arg>
<doc>Pauses the test executed for the given time.</doc>
<status status="NOT RUN" starttime="20230323 11:00:19.159" endtime="20230323 11:00:19.159"/>
</kw>
<kw name="Execute Javascript" library="RPA.Browser.Selenium">
<arg>window.scrollTo(0,document.body.scrollHeight)</arg>
<doc>Executes the given JavaScript code with possible arguments.</doc>
<status status="NOT RUN" starttime="20230323 11:00:19.159" endtime="20230323 11:00:19.159"/>
</kw>
<kw name="Does Page Contain Element" library="RPA.Browser.Selenium">
<var>${contains}</var>
<arg>xpath:/html/body/main/article/div[2]/div[3]/div/div[1]/footer/div/ul/li[${count}]</arg>
<doc>Does page contain expected element</doc>
<status status="NOT RUN" starttime="20230323 11:00:19.159" endtime="20230323 11:00:19.159"/>
</kw>
<if>
<branch type="IF" condition="${contains}">
<kw name="Get Element Count" library="RPA.Browser.Selenium">
<var>${getcount}</var>
<arg>xpath:/html/body/main/article/div[2]/div[3]/div/div[1]/footer/div/ul/li</arg>
<doc>Returns the number of elements matching ``locator``.</doc>
<status status="NOT RUN" starttime="20230323 11:00:19.159" endtime="20230323 11:00:19.159"/>
</kw>
<kw name="Log" library="BuiltIn">
<arg>${getcount}</arg>
<doc>Logs the given message with the given level.</doc>
<status status="NOT RUN" starttime="20230323 11:00:19.159" endtime="20230323 11:00:19.159"/>
</kw>
<kw name="Set Variable" library="BuiltIn">
<var>${value}</var>
<doc>Returns the given values which can then be assigned to a variables.</doc>
<status status="NOT RUN" starttime="20230323 11:00:19.159" endtime="20230323 11:00:19.159"/>
</kw>
<for flavor="IN RANGE">
<var>${countTag}</var>
<value>1</value>
<value>${getcount}+1</value>
<iter>
<var name="${countTag}"/>
<kw name="Get Text" library="RPA.Browser.Selenium">
<var>${Tag}</var>
<arg>xpath:/html/body/main/article/div[2]/div[3]/div/div[1]/footer/div/ul/li[${countTag}]</arg>
<doc>Returns the text value of the element identified by ``locator``.</doc>
<status status="NOT RUN" starttime="20230323 11:00:19.161" endtime="20230323 11:00:19.161"/>
</kw>
<kw name="Set Variable" library="BuiltIn">
<var>${valueTag}</var>
<arg>${Tag}</arg>
<doc>Returns the given values which can then be assigned to a variables.</doc>
<status status="NOT RUN" starttime="20230323 11:00:19.161" endtime="20230323 11:00:19.161"/>
</kw>
<kw name="Catenate" library="BuiltIn">
<var>${value}</var>
<arg>${valueTag}</arg>
<arg>,</arg>
<arg>${value}</arg>
<doc>Catenates the given items together and returns the resulted string.</doc>
<status status="NOT RUN" starttime="20230323 11:00:19.162" endtime="20230323 11:00:19.162"/>
</kw>
<status status="NOT RUN" starttime="20230323 11:00:19.159" endtime="20230323 11:00:19.162"/>
</iter>
<status status="NOT RUN" starttime="20230323 11:00:19.159" endtime="20230323 11:00:19.162"/>
</for>
<status status="NOT RUN" starttime="20230323 11:00:19.159" endtime="20230323 11:00:19.162"/>
</branch>
<branch type="ELSE">
<kw name="Run Keyword And Ignore Error" library="BuiltIn">
<arg>Wait Until Element Is Visible</arg>
<arg>error</arg>
<doc>Runs the given keyword with the given arguments and ignores possible error.</doc>
<status status="NOT RUN" starttime="20230323 11:00:19.162" endtime="20230323 11:00:19.162"/>
</kw>
<kw name="Run Keyword And Ignore Error" library="BuiltIn">
<arg>RPA.Browser.Selenium.Get Text</arg>
<arg>error</arg>
<doc>Runs the given keyword with the given arguments and ignores possible error.</doc>
<status status="NOT RUN" starttime="20230323 11:00:19.162" endtime="20230323 11:00:19.163"/>
</kw>
<kw name="Set Variable" library="BuiltIn">
<var>${value}</var>
<arg>-</arg>
<doc>Returns the given values which can then be assigned to a variables.</doc>
<status status="NOT RUN" starttime="20230323 11:00:19.163" endtime="20230323 11:00:19.163"/>
</kw>
<status status="NOT RUN" starttime="20230323 11:00:19.162" endtime="20230323 11:00:19.163"/>
</branch>
<status status="NOT RUN" starttime="20230323 11:00:19.159" endtime="20230323 11:00:19.163"/>
</if>
<kw name="Append To List" library="Collections">
<arg>${KhaosodTag}</arg>
<arg>${value}</arg>
<doc>Adds ``values`` to the end of ``list``.</doc>
<status status="NOT RUN" starttime="20230323 11:00:19.163" endtime="20230323 11:00:19.163"/>
</kw>
<kw name="Go Back" library="RPA.Browser.Selenium">
<doc>Simulates the user clicking the back button on their browser.</doc>
<status status="NOT RUN" starttime="20230323 11:00:19.163" endtime="20230323 11:00:19.163"/>
</kw>
<kw name="Sleep" library="BuiltIn">
<arg>3s</arg>
<doc>Pauses the test executed for the given time.</doc>
<status status="NOT RUN" starttime="20230323 11:00:19.164" endtime="20230323 11:00:19.164"/>
</kw>
<status status="NOT RUN" starttime="20230323 11:00:19.156" endtime="20230323 11:00:19.164"/>
</iter>
<status status="NOT RUN" starttime="20230323 11:00:19.156" endtime="20230323 11:00:19.164"/>
</for>
<kw name="Create Dictionary" library="BuiltIn">
<var>${List_data}</var>
<arg>Title=${KhaosodTitle}</arg>
<arg>Topic=${KhaosodTopic}</arg>
<arg>Date=${KhaosodTime}</arg>
<arg>Content=${KhaosodContent}</arg>
<arg>Link=${KhaosodAttribute}</arg>
<arg>Image=${KhaosodImage}</arg>
<arg>Tag=${KhaosodTag}</arg>
<doc>Creates and returns a dictionary based on the given ``items``.</doc>
<status status="NOT RUN" starttime="20230323 11:00:19.164" endtime="20230323 11:00:19.165"/>
</kw>
<kw name="Create Table" library="RPA.Tables">
<var>${table}</var>
<arg>${List_data}</arg>
<arg>${TRUE}</arg>
<doc>Create Table object from data.</doc>
<status status="NOT RUN" starttime="20230323 11:00:19.165" endtime="20230323 11:00:19.165"/>
</kw>
<kw name="Write table to CSV" library="RPA.Tables">
<arg>${table}</arg>
<arg>Khaosod.csv</arg>
<arg>encoding=UTF-8-sig</arg>
<doc>Write a table as a CSV file.</doc>
<status status="NOT RUN" starttime="20230323 11:00:19.165" endtime="20230323 11:00:19.165"/>
</kw>
<status status="FAIL" starttime="20230323 11:00:06.714" endtime="20230323 11:00:19.166">NoSuchWindowException: Message: no such window: target window already closed
from unknown error: web view not found
  (Session info: chrome=111.0.5563.66)
Stacktrace:
Backtrace:
	(No symbol) [0x009DDCE3]
	(No symbol) [0x009739D1]
	(No symbol) [0x00884DA8]
	(No symbol) [0x0086D0D3]
	(No symbol) [0x008CEA8B]
	(No symbol) [0x008DD093]
	(No symbol) [0x008CACC6]
	(No symbol) [0x008A6F68]
	(No symbol) [0x008A80CD]
	GetHandleVerifier [0x00C53832+2506274]
	GetHandleVerifier [0x00C89794+2727300]
	GetHandleVerifier [0x00C8E36C+2746716]
	GetHandleVerifier [0x00A86690+617600]
	(No symbol) [0x0097C712]
	(No symbol) [0x00981FF8]
	(No symbol) [0x009820DB]
	(No symbol) [0x0098C63B]
	BaseThreadInitThunk [0x75A77D69+25]
	RtlInitializeExceptionChain [0x775AB74B+107]
	RtlClearBits [0x775AB6CF+191]
</status>
</test>
<status status="FAIL" starttime="20230323 11:00:04.348" endtime="20230323 11:00:19.168"/>
</suite>
<statistics>
<total>
<stat pass="0" fail="1" skip="0">All Tasks</stat>
</total>
<tag>
</tag>
<suite>
<stat pass="0" fail="1" skip="0" id="s1" name="Tasks">Tasks</stat>
</suite>
</statistics>
<errors>
<msg timestamp="20230323 11:00:18.903" level="WARN">Keyword 'Capture Page Screenshot' could not be run on failure: Message: no such window: target window already closed
from unknown error: web view not found
  (Session info: chrome=111.0.5563.66)
Stacktrace:
Backtrace:
	(No symbol) [0x009DDCE3]
	(No symbol) [0x009739D1]
	(No symbol) [0x00884DA8]
	(No symbol) [0x0086D0D3]
	(No symbol) [0x008CEA8B]
	(No symbol) [0x008DD093]
	(No symbol) [0x008CACC6]
	(No symbol) [0x008A6F68]
	(No symbol) [0x008A80CD]
	GetHandleVerifier [0x00C53832+2506274]
	GetHandleVerifier [0x00C89794+2727300]
	GetHandleVerifier [0x00C8E36C+2746716]
	GetHandleVerifier [0x00A86690+617600]
	(No symbol) [0x0097C712]
	(No symbol) [0x00981FF8]
	(No symbol) [0x009820DB]
	(No symbol) [0x0098C63B]
	BaseThreadInitThunk [0x75A77D69+25]
	RtlInitializeExceptionChain [0x775AB74B+107]
	RtlClearBits [0x775AB6CF+191]
</msg>
</errors>
</robot>
